GROUP,PACKAGE,CLASS,INSTRUCTION_MISSED,INSTRUCTION_COVERED,BRANCH_MISSED,BRANCH_COVERED,LINE_MISSED,LINE_COVERED,COMPLEXITY_MISSED,COMPLEXITY_COVERED,METHOD_MISSED,METHOD_COVERED
JabRef,org.jabref.logic.msbib,MSBibEntry,8,981,7,61,2,189,8,44,1,17
JabRef,org.jabref.logic.msbib,MSBibEntryType,0,105,0,0,0,18,0,1,0,1
JabRef,org.jabref.logic.msbib,MSBibConverter,41,434,8,36,4,66,10,27,2,13
JabRef,org.jabref.logic.msbib,BibTeXConverter,6,315,2,26,1,62,2,16,0,4
JabRef,org.jabref.logic.msbib,MSBibMapping,0,466,0,0,0,82,0,7,0,7
JabRef,org.jabref.logic.msbib,MSBibDatabase,17,190,3,9,5,50,3,9,0,6
JabRef,org.jabref.logic.msbib,PageNumbers,59,47,2,4,14,13,3,6,2,4
JabRef,org.jabref.logic.msbib,MsBibAuthor,7,91,1,5,1,24,1,11,0,9
JabRef,org.jabref.gui.help,ErrorConsoleAction,13,0,0,0,4,0,2,0,2,0
JabRef,org.jabref.gui.help,VersionWorker,161,0,12,0,31,0,17,0,11,0
JabRef,org.jabref.gui.help,AboutDialogViewModel,254,0,4,0,58,0,25,0,23,0
JabRef,org.jabref.gui.help,NewVersionDialog,157,0,4,0,24,0,5,0,3,0
JabRef,org.jabref.gui.help,AboutAction,20,0,0,0,7,0,3,0,3,0
JabRef,org.jabref.gui.help,SearchForUpdateAction,29,0,0,0,9,0,2,0,2,0
JabRef,org.jabref.gui.help,AboutDialogView,80,0,0,0,28,0,12,0,12,0
JabRef,org.jabref.gui.help,HelpAction,30,0,0,0,10,0,3,0,3,0
JabRef,org.jabref.gui.auximport,FromAuxDialog,186,0,10,0,38,0,10,0,5,0
JabRef,org.jabref.gui.auximport,AuxParserResultViewModel,32,104,5,3,4,13,4,2,0,2
JabRef,org.jabref.gui.auximport,NewSubLibraryAction,24,0,0,0,7,0,2,0,2,0
JabRef,org.jabref.gui.preferences.protectedterms,NewProtectedTermsFileDialog,194,0,2,0,26,0,5,0,4,0
JabRef,org.jabref.gui.preferences.protectedterms,ProtectedTermsTabViewModel,361,0,16,0,87,0,20,0,12,0
JabRef,org.jabref.gui.preferences.protectedterms,ProtectedTermsListItemModel,51,0,0,0,11,0,6,0,6,0
JabRef,org.jabref.gui.preferences.protectedterms,ProtectedTermsTab,258,0,2,0,47,0,20,0,19,0
JabRef,org.jabref.gui.preferences.protectedterms,ProtectedTermsTab.ContextAction,68,0,9,0,14,0,8,0,2,0
JabRef,org.jabref.logic.openoffice.action,EditMerge,444,0,58,0,110,0,35,0,6,0
JabRef,org.jabref.logic.openoffice.action,Update,64,0,4,0,14,0,5,0,3,0
JabRef,org.jabref.logic.openoffice.action,EditSeparate,103,0,8,0,27,0,5,0,1,0
JabRef,org.jabref.logic.openoffice.action,ExportCited.GenerateDatabaseResult,9,0,0,0,4,0,1,0,1,0
JabRef,org.jabref.logic.openoffice.action,ExportCited,111,0,8,0,27,0,6,0,2,0
JabRef,org.jabref.logic.openoffice.action,EditInsert,96,0,8,0,23,0,6,0,2,0
JabRef,org.jabref.logic.openoffice.action,Update.SyncOptions,22,0,0,0,9,0,3,0,3,0
JabRef,org.jabref.logic.openoffice.action,ManageCitations,19,0,0,0,5,0,2,0,2,0
JabRef,org.jabref.logic.openoffice.action,EditMerge.JoinableGroupData,9,0,0,0,4,0,1,0,1,0
JabRef,org.jabref.logic.openoffice.action,EditMerge.ScanState,23,0,0,0,9,0,2,0,2,0
JabRef,org.jabref.gui.preferences,PreferenceTabViewModel,4,0,0,0,2,0,2,0,2,0
JabRef,org.jabref.gui.preferences,PreferencesDialogViewModel,501,0,14,0,99,0,21,0,14,0
JabRef,org.jabref.gui.preferences,AbstractPreferenceTabView,21,0,0,0,8,0,6,0,6,0
JabRef,org.jabref.gui.preferences,ShowPreferencesAction,21,0,0,0,7,0,2,0,2,0
JabRef,org.jabref.gui.preferences,PreferencesFilterDialog,155,0,6,0,27,0,13,0,10,0
JabRef,org.jabref.gui.preferences,PreferencesSearchHandler,193,0,22,0,49,0,22,0,11,0
JabRef,org.jabref.gui.preferences,PreferencesDialogView,182,0,4,0,48,0,14,0,12,0
JabRef,org.jabref.logic.importer.fetcher,MathSciNet,6,250,0,4,0,44,1,13,1,11
JabRef,org.jabref.logic.importer.fetcher,OpenLibraryFetcher,51,319,5,11,9,69,7,26,2,23
JabRef,org.jabref.logic.importer.fetcher,AstrophysicsDataSystem,127,517,7,13,33,106,9,30,3,26
JabRef,org.jabref.logic.importer.fetcher,ACMPortalFetcher,3,37,0,0,1,9,1,5,1,5
JabRef,org.jabref.logic.importer.fetcher,ComplexSearchQuery,180,239,25,32,26,44,30,22,6,14
JabRef,org.jabref.logic.importer.fetcher,LibraryOfCongress,0,24,0,0,0,7,0,4,0,4
JabRef,org.jabref.logic.importer.fetcher,SpringerFetcher,84,414,8,30,13,81,16,21,8,10
JabRef,org.jabref.logic.importer.fetcher,DOAJFetcher,17,467,13,49,6,78,14,27,1,9
JabRef,org.jabref.logic.importer.fetcher,IEEE,34,632,13,43,9,123,17,31,4,15
JabRef,org.jabref.logic.importer.fetcher,ArXiv.ArXivEntry,5,314,1,9,3,51,1,22,0,18
JabRef,org.jabref.logic.importer.fetcher,SpringerLink,10,111,1,5,2,29,2,7,1,5
JabRef,org.jabref.logic.importer.fetcher,GvkFetcher,3,104,0,0,1,12,1,4,1,4
JabRef,org.jabref.logic.importer.fetcher,ACS,12,50,1,3,2,12,1,5,0,4
JabRef,org.jabref.logic.importer.fetcher,DoiResolution,117,198,17,17,28,50,14,12,1,8
JabRef,org.jabref.logic.importer.fetcher,INSPIREFetcher,3,83,0,0,1,15,1,6,1,6
JabRef,org.jabref.logic.importer.fetcher,CiteSeer.new HtmlToUnicodeFormatter() {...},0,34,0,0,0,8,0,2,0,2
JabRef,org.jabref.logic.importer.fetcher,GrobidCitationFetcher,4,89,0,2,2,26,2,7,2,6
JabRef,org.jabref.logic.importer.fetcher,ArXiv,119,392,12,20,20,83,12,33,4,25
JabRef,org.jabref.logic.importer.fetcher,DiVA,3,40,0,0,1,10,1,5,1,5
JabRef,org.jabref.logic.importer.fetcher,IsbnFetcher,18,55,2,4,5,16,3,6,1,5
JabRef,org.jabref.logic.importer.fetcher,TitleFetcher,3,45,0,4,1,13,1,5,1,3
JabRef,org.jabref.logic.importer.fetcher,TrustLevel,0,49,0,0,0,10,0,3,0,3
JabRef,org.jabref.logic.importer.fetcher,Medra,10,191,2,6,3,38,2,17,0,15
JabRef,org.jabref.logic.importer.fetcher,CrossRef,11,425,1,19,4,77,2,36,1,27
JabRef,org.jabref.logic.importer.fetcher,MrDLibFetcher,68,150,5,5,17,38,7,6,2,6
JabRef,org.jabref.logic.importer.fetcher,DOABFetcher,57,270,6,23,14,55,5,25,0,8
JabRef,org.jabref.logic.importer.fetcher,BibsonomyScraper,64,0,0,0,15,0,2,0,2,0
JabRef,org.jabref.logic.importer.fetcher,SemanticScholar,21,394,7,21,6,85,7,19,0,12
JabRef,org.jabref.logic.importer.fetcher,IacrEprintFetcher,34,218,3,11,4,48,3,16,0,12
JabRef,org.jabref.logic.importer.fetcher,ComplexSearchQuery.ComplexSearchQueryBuilder,171,230,31,24,33,38,31,16,5,11
JabRef,org.jabref.logic.importer.fetcher,RfcFetcher,3,44,0,4,1,10,1,6,1,4
JabRef,org.jabref.logic.importer.fetcher,AbstractIsbnFetcher,3,36,0,2,1,8,1,4,1,3
JabRef,org.jabref.logic.importer.fetcher,ResearchGate,207,244,11,7,52,70,12,13,5,11
JabRef,org.jabref.logic.importer.fetcher,DoiFetcher,50,237,9,15,14,43,10,12,2,8
JabRef,org.jabref.logic.importer.fetcher,DBLPFetcher,3,100,0,0,1,19,1,5,1,5
JabRef,org.jabref.logic.importer.fetcher,BiodiversityLibrary,32,482,8,14,5,95,7,21,1,16
JabRef,org.jabref.logic.importer.fetcher,OpenAccessDoi,13,72,0,2,5,22,0,9,0,8
JabRef,org.jabref.logic.importer.fetcher,CiteSeer,3,106,0,2,1,23,1,7,1,6
JabRef,org.jabref.logic.importer.fetcher,ZbMATH,30,261,2,8,0,55,7,12,5,9
JabRef,org.jabref.logic.importer.fetcher,ApsFetcher,7,91,1,7,4,24,2,7,1,4
JabRef,org.jabref.logic.importer.fetcher,CollectionOfComputerScienceBibliographiesParser,6,98,0,2,2,22,0,7,0,6
JabRef,org.jabref.logic.importer.fetcher,GoogleScholar,185,224,17,11,44,47,15,11,4,8
JabRef,org.jabref.logic.importer.fetcher,IsbnViaEbookDeFetcher,0,59,0,0,0,12,0,5,0,5
JabRef,org.jabref.logic.importer.fetcher,CustomizableKeyFetcher,2,0,0,0,1,0,1,0,1,0
JabRef,org.jabref.logic.importer.fetcher,CompositeSearchBasedFetcher,3,69,1,3,1,18,2,7,1,6
JabRef,org.jabref.logic.importer.fetcher,ScienceDirect,67,272,4,12,14,72,7,16,3,12
JabRef,org.jabref.logic.importer.fetcher,JstorFetcher,132,83,9,3,29,18,9,6,3,6
JabRef,org.jabref.logic.importer.fetcher,CollectionOfComputerScienceBibliographiesFetcher,0,142,1,5,0,33,1,9,0,7
JabRef,org.jabref.logic.importer.fetcher,MedlineFetcher,42,299,4,22,10,67,5,20,1,10
JabRef,org.jabref.logic.formatter.minifier,MinifyNameListFormatter,0,83,0,12,0,20,0,13,0,7
JabRef,org.jabref.logic.formatter.minifier,TruncateFormatter,0,45,0,2,0,11,0,7,0,6
JabRef,org.jabref.logic.remote,RemoteUtil,0,10,0,4,0,1,0,3,0,1
JabRef,org.jabref.logic.remote,RemotePreferences,6,48,0,2,2,12,2,8,2,7
JabRef,org.jabref.gui.maintable.columns,SpecialFieldColumn,253,0,10,0,54,0,18,0,13,0
JabRef,org.jabref.gui.maintable.columns,LinkedIdentifierColumn,208,0,10,0,47,0,15,0,10,0
JabRef,org.jabref.gui.maintable.columns,MainTableColumn,62,0,0,0,15,0,7,0,7,0
JabRef,org.jabref.gui.maintable.columns,LibraryColumn,32,0,0,0,8,0,3,0,3,0
JabRef,org.jabref.gui.maintable.columns,FieldColumn,71,0,8,0,17,0,9,0,5,0
JabRef,org.jabref.gui.maintable.columns,FileColumn,275,0,14,0,64,0,19,0,12,0
JabRef,org.jabref.logic.util.io,AutoLinkPreferences,46,32,0,0,15,7,11,2,11,2
JabRef,org.jabref.logic.util.io,CitationKeyBasedFileFinder,11,161,3,19,4,35,3,13,0,5
JabRef,org.jabref.logic.util.io,FileNameCleaner,0,74,1,11,0,14,1,7,0,2
JabRef,org.jabref.logic.util.io,DatabaseFileLookup,78,0,4,0,17,0,7,0,5,0
JabRef,org.jabref.logic.util.io,AutoLinkPreferences.CitationKeyDependency,0,21,0,0,0,4,0,1,0,1
JabRef,org.jabref.logic.util.io,XMLUtil.NodeListWrapper,0,15,0,0,0,5,0,3,0,3
JabRef,org.jabref.logic.util.io,FileHistory,6,45,1,1,1,13,1,7,0,7
JabRef,org.jabref.logic.util.io,FileNameUniqueness,42,144,7,11,10,31,7,7,1,4
JabRef,org.jabref.logic.util.io,RegExpBasedFileFinder,58,318,7,27,15,61,7,20,0,10
JabRef,org.jabref.logic.util.io,FileFinders,16,11,2,1,3,2,3,1,1,1
JabRef,org.jabref.logic.util.io,FileUtil,109,450,12,40,22,82,15,42,7,24
JabRef,org.jabref.logic.util.io,XMLUtil,41,63,2,6,14,13,3,8,1,6
JabRef,org.jabref.model.paging,Page,0,32,0,0,0,11,0,6,0,6
JabRef,org.jabref.gui.openoffice,ManageCitationsDialogView,165,0,6,0,33,0,11,0,8,0
JabRef,org.jabref.gui.openoffice,OOBibBaseConnect,204,0,22,0,60,0,23,0,12,0
JabRef,org.jabref.gui.openoffice,OpenOfficePanel,1706,0,112,0,314,0,99,0,43,0
JabRef,org.jabref.gui.openoffice,OOBibBase,1518,0,94,0,363,0,86,0,38,0
JabRef,org.jabref.gui.openoffice,Bootstrap,356,0,20,0,87,0,23,0,13,0
JabRef,org.jabref.gui.openoffice,AdvancedCiteDialogViewModel,28,0,0,0,7,0,4,0,4,0
JabRef,org.jabref.gui.openoffice,StyleSelectDialogViewModel,301,0,8,0,56,0,19,0,15,0
JabRef,org.jabref.gui.openoffice,DetectOpenOfficeInstallation,148,0,20,0,38,0,16,0,6,0
JabRef,org.jabref.gui.openoffice,OOError,186,0,0,0,46,0,16,0,16,0
JabRef,org.jabref.gui.openoffice,CitationEntryViewModel,61,0,0,0,14,0,6,0,6,0
JabRef,org.jabref.gui.openoffice,ManageCitationsDialogViewModel,66,0,4,0,17,0,5,0,3,0
JabRef,org.jabref.gui.openoffice,Bootstrap.new Thread() {...},48,0,2,0,13,0,3,0,2,0
JabRef,org.jabref.gui.openoffice,StyleSelectDialogView,309,0,8,0,59,0,22,0,18,0
JabRef,org.jabref.gui.openoffice,AdvancedCiteDialogView,53,0,2,0,15,0,4,0,3,0
JabRef,org.jabref.gui.openoffice,StyleSelectItemViewModel,75,0,0,0,19,0,8,0,8,0
JabRef,org.jabref.gui.openoffice,OOBibBaseConnect.new Object() {...},19,0,0,0,6,0,3,0,3,0
JabRef,org.jabref.gui.openoffice,OpenOfficePanel.new Task() {...},5,0,0,0,2,0,2,0,2,0
JabRef,org.jabref.gui.openoffice,OpenOfficePanel.new Task() {...},23,0,0,0,4,0,2,0,2,0
JabRef,org.jabref.logic.openoffice.backend,Backend52,605,0,49,0,152,0,49,0,22,0
JabRef,org.jabref.logic.openoffice.backend,NamedRangeReferenceMark,726,0,54,0,177,0,42,0,15,0
JabRef,org.jabref.logic.openoffice.backend,Codec52.ParsedMarkName,18,0,0,0,7,0,1,0,1,0
JabRef,org.jabref.logic.openoffice.backend,GetContext,107,0,14,0,28,0,9,0,2,0
JabRef,org.jabref.logic.openoffice.backend,NamedRangeManagerReferenceMark,21,0,0,0,6,0,5,0,5,0
JabRef,org.jabref.logic.openoffice.backend,Codec52,108,0,12,0,31,0,15,0,7,0
JabRef,org.jabref.gui.theme,ThemeManager,68,318,14,8,19,76,14,26,3,26
JabRef,org.jabref.gui.theme,Theme.Type,0,21,0,0,0,2,0,1,0,1
JabRef,org.jabref.gui.theme,StyleSheetDataUrl,35,0,0,0,9,0,7,0,7,0
JabRef,org.jabref.gui.theme,StyleSheetFile,7,149,2,12,2,36,2,14,0,9
JabRef,org.jabref.gui.theme,Theme,63,84,10,10,10,24,10,10,4,6
JabRef,org.jabref.gui.theme,StyleSheet,30,84,1,9,6,19,3,7,2,3
JabRef,org.jabref.gui.theme,StyleSheetResource,18,0,0,0,7,0,5,0,5,0
JabRef,org.jabref.gui.preferences.externalfiletypes,ExternalFileTypesTabViewModel,119,0,2,0,30,0,10,0,9,0
JabRef,org.jabref.gui.preferences.externalfiletypes,ExternalFileTypesTab,172,0,0,0,33,0,18,0,18,0
JabRef,org.jabref.gui.bibtexextractor,ExtractBibtexDialog,97,0,0,0,16,0,4,0,4,0
JabRef,org.jabref.gui.bibtexextractor,ExtractBibtexAction,31,0,0,0,9,0,2,0,2,0
JabRef,org.jabref.gui.bibtexextractor,BibtexExtractor,384,0,30,0,83,0,27,0,12,0
JabRef,org.jabref.gui.bibtexextractor,BibtexExtractorViewModel,191,0,6,0,41,0,15,0,12,0
JabRef,org.jabref.gui.mergeentries,DiffHighlighting,303,0,20,0,60,0,21,0,9,0
JabRef,org.jabref.gui.mergeentries,DiffMode,70,0,0,0,13,0,4,0,4,0
JabRef,org.jabref.gui.mergeentries,MultiMergeEntriesViewModel,126,0,14,0,27,0,15,0,8,0
JabRef,org.jabref.gui.mergeentries,MergeEntriesAction,174,0,8,0,39,0,6,0,2,0
JabRef,org.jabref.gui.mergeentries,MergeEntries.DefaultRadioButtonSelectionMode,15,0,0,0,3,0,1,0,1,0
JabRef,org.jabref.gui.mergeentries,MergeEntries,1259,0,74,0,222,0,64,0,23,0
JabRef,org.jabref.gui.mergeentries,MultiMergeEntriesView,519,0,32,0,108,0,39,0,23,0
JabRef,org.jabref.gui.mergeentries,MultiMergeEntriesViewModel.EntrySource,86,0,0,0,20,0,6,0,6,0
JabRef,org.jabref.gui.mergeentries,MultiMergeEntriesView.Cell,229,0,4,0,51,0,7,0,5,0
JabRef,org.jabref.gui.mergeentries,FetchAndMergeEntry,482,0,28,0,91,0,27,0,13,0
JabRef,org.jabref.gui.mergeentries,MultiMergeEntriesView.FieldRow,201,0,8,0,41,0,10,0,6,0
JabRef,org.jabref.gui.mergeentries,MergeEntriesDialog,67,0,2,0,16,0,6,0,5,0
JabRef,org.jabref.gui.mergeentries,MergeWithFetchedEntryAction,76,0,2,0,14,0,3,0,2,0
JabRef,org.jabref.gui.mergeentries,DiffHighlightingEllipsingTextFlow,428,0,48,0,85,0,41,0,16,0
JabRef,org.jabref.logic.openoffice.style,OOFormatBibliography,309,0,24,0,66,0,20,0,8,0
JabRef,org.jabref.logic.openoffice.style,OOPreFormatter,11,353,6,55,2,88,5,33,0,4
JabRef,org.jabref.logic.openoffice.style,StyleLoader,33,253,3,17,10,60,3,16,0,9
JabRef,org.jabref.logic.openoffice.style,OOProcessNumericMarkers,46,0,6,0,11,0,6,0,3,0
JabRef,org.jabref.logic.openoffice.style,OOBibStyleGetNumCitationMarker,35,424,10,54,7,89,10,29,0,7
JabRef,org.jabref.logic.openoffice.style,OOBibStyleGetCitationMarker,53,969,23,165,12,229,22,83,0,11
JabRef,org.jabref.logic.openoffice.style,OOBibStyle.BibStyleMode,0,39,0,0,0,7,0,1,0,1
JabRef,org.jabref.logic.openoffice.style,OOBibStyleGetCitationMarker.FieldAndContent,0,9,0,0,0,4,0,1,0,1
JabRef,org.jabref.logic.openoffice.style,OOProcess,83,0,8,0,19,0,9,0,5,0
JabRef,org.jabref.logic.openoffice.style,OOBibStyle,179,1019,27,53,52,213,48,86,26,64
JabRef,org.jabref.logic.openoffice.style,OOProcessCitationKeyMarkers,42,0,4,0,11,0,4,0,2,0
JabRef,org.jabref.logic.openoffice.style,OOBibStyleGetCitationMarker.AuthorYearMarkerPurpose,0,21,0,0,0,4,0,1,0,1
JabRef,org.jabref.logic.openoffice.style,OOBibStyleGetCitationMarker.CitationMarkerNormEntryWrap,10,10,0,0,4,4,4,2,4,2
JabRef,org.jabref.logic.openoffice.style,OOProcessAuthorYearMarkers,248,0,30,0,57,0,21,0,6,0
JabRef,org.jabref.logic.remote.shared,RemoteMessage,0,27,0,0,0,5,0,1,0,1
JabRef,org.jabref.logic.remote.shared,Protocol,16,141,1,9,6,37,1,10,0,6
JabRef,org.jabref.model.schema,DublinCoreSchemaCustom,7,68,0,6,3,20,0,8,0,5
JabRef,org.jabref.logic.openoffice.frontend,UpdateBibliography,106,0,2,0,29,0,6,0,5,0
JabRef,org.jabref.logic.openoffice.frontend,OOFrontend,626,0,38,0,145,0,46,0,26,0
JabRef,org.jabref.logic.openoffice.frontend,UpdateCitationMarkers,139,0,16,0,37,0,12,0,4,0
JabRef,org.jabref.logic.openoffice.frontend,RangeForOverlapCheck,21,0,0,0,8,0,3,0,3,0
JabRef,org.jabref.gui.preferences.citationkeypattern,CitationKeyPatternTab,155,0,0,0,30,0,6,0,6,0
JabRef,org.jabref.gui.preferences.citationkeypattern,CitationKeyPatternTabViewModel,311,0,18,0,69,0,24,0,15,0
JabRef,org.jabref.model.entry.event,EntryChangedEvent,0,17,0,0,0,5,0,3,0,3
JabRef,org.jabref.model.entry.event,FieldAddedOrRemovedEvent,0,5,0,0,0,2,0,1,0,1
JabRef,org.jabref.model.entry.event,EntriesEvent,0,24,0,0,0,8,0,4,0,4
JabRef,org.jabref.model.entry.event,FieldChangedEvent,33,96,4,10,10,24,7,9,3,6
JabRef,org.jabref.model.entry.event,EntriesEventSource,0,33,0,0,0,6,0,1,0,1
JabRef,org.jabref.model.texparser,Citation,44,195,10,18,6,35,11,13,1,9
JabRef,org.jabref.model.texparser,LatexParserResult,72,110,7,9,7,26,12,10,5,9
JabRef,org.jabref.model.texparser,LatexBibEntriesResolverResult,41,52,5,5,6,13,9,5,4,5
JabRef,org.jabref.gui.preferences.groups,GroupsTabViewModel,136,0,5,0,29,0,11,0,8,0
JabRef,org.jabref.gui.preferences.groups,GroupsTab,65,0,0,0,13,0,3,0,3,0
JabRef,org.jabref.logic.formatter.bibtexfields,AddBracesFormatter,12,30,0,6,3,6,3,6,3,3
JabRef,org.jabref.logic.formatter.bibtexfields,EscapeAmpersandsFormatter,15,153,12,38,3,39,10,21,0,6
JabRef,org.jabref.logic.formatter.bibtexfields,EscapeDollarSignFormatter,0,26,0,0,0,7,0,6,0,6
JabRef,org.jabref.logic.formatter.bibtexfields,RemoveRedundantSpacesFormatter,14,16,0,0,4,4,4,3,4,3
JabRef,org.jabref.logic.formatter.bibtexfields,RemoveDigitsFormatter,14,16,0,0,4,4,4,3,4,3
JabRef,org.jabref.logic.formatter.bibtexfields,HtmlToLatexFormatter,78,274,6,22,7,53,6,16,0,8
JabRef,org.jabref.logic.formatter.bibtexfields,OrdinalsToSuperscriptFormatter,0,38,0,2,0,11,0,8,0,7
JabRef,org.jabref.logic.formatter.bibtexfields,RegexFormatter,12,159,1,9,3,45,4,9,3,5
JabRef,org.jabref.logic.formatter.bibtexfields,TrimWhitespaceFormatter,14,9,0,0,4,3,4,2,4,2
JabRef,org.jabref.logic.formatter.bibtexfields,NormalizeNamesFormatter,0,27,0,0,0,8,0,6,0,6
JabRef,org.jabref.logic.formatter.bibtexfields,HtmlToUnicodeFormatter,0,23,0,0,0,6,0,6,0,6
JabRef,org.jabref.logic.formatter.bibtexfields,RemoveHyphenatedNewlinesFormatter,14,19,0,0,4,5,4,3,4,3
JabRef,org.jabref.logic.formatter.bibtexfields,ReplaceTabsBySpaceFormater,14,16,0,0,4,4,4,3,4,3
JabRef,org.jabref.logic.formatter.bibtexfields,ShortenDOIFormatter,8,40,0,0,3,11,0,8,0,8
JabRef,org.jabref.logic.formatter.bibtexfields,NormalizeMonthFormatter,0,30,0,0,0,8,0,6,0,6
JabRef,org.jabref.logic.formatter.bibtexfields,UnicodeToLatexFormatter,1,157,2,18,1,35,2,15,0,7
JabRef,org.jabref.logic.formatter.bibtexfields,ClearFormatter,0,22,0,0,0,7,0,6,0,6
JabRef,org.jabref.logic.formatter.bibtexfields,NormalizeEnDashesFormatter,12,10,0,0,3,3,3,3,3,3
JabRef,org.jabref.logic.formatter.bibtexfields,EscapeUnderscoresFormatter,0,30,0,0,0,8,0,7,0,7
JabRef,org.jabref.logic.formatter.bibtexfields,NormalizePagesFormatter,0,81,1,7,0,21,1,10,0,7
JabRef,org.jabref.logic.formatter.bibtexfields,RemoveNewlinesFormatter,14,19,0,0,4,5,4,3,4,3
JabRef,org.jabref.logic.formatter.bibtexfields,LatexCleanupFormatter,0,101,0,0,0,25,0,7,0,7
JabRef,org.jabref.logic.formatter.bibtexfields,NormalizeDateFormatter,0,27,0,0,0,7,0,6,0,6
JabRef,org.jabref.logic.formatter.bibtexfields,RemoveBracesFormatter,0,87,0,16,0,24,0,15,0,7
JabRef,org.jabref.logic.formatter.bibtexfields,CleanupUrlFormatter,0,46,0,2,0,13,0,8,0,7
JabRef,org.jabref.logic.formatter.bibtexfields,UnitsToLatexFormatter,0,365,0,8,0,27,0,11,0,7
JabRef,org.jabref.logic.importer,PagedSearchBasedParserFetcher,23,43,0,0,6,9,0,4,0,4
JabRef,org.jabref.logic.importer,FulltextFetcher,0,2,0,0,0,1,0,1,0,1
JabRef,org.jabref.logic.importer,IdBasedParserFetcher,20,57,2,6,4,15,2,5,0,3
JabRef,org.jabref.logic.importer,AuthorListParser,0,938,5,179,0,210,5,96,0,8
JabRef,org.jabref.logic.importer,WebFetcher,2,5,0,0,1,1,1,1,1,1
JabRef,org.jabref.logic.importer,CompositeIdFetcher,2,59,0,6,1,13,1,5,1,2
JabRef,org.jabref.logic.importer,Parser,0,9,0,0,0,1,0,1,0,1
JabRef,org.jabref.logic.importer,ImportFormatReader.UnknownFormatImport,0,9,0,0,0,4,0,1,0,1
JabRef,org.jabref.logic.importer,SearchBasedFetcher,6,19,0,2,2,6,0,2,0,1
JabRef,org.jabref.logic.importer,FetcherException,0,15,0,0,0,6,0,3,0,3
JabRef,org.jabref.logic.importer,SearchBasedParserFetcher,15,36,0,0,4,10,0,3,0,3
JabRef,org.jabref.logic.importer,ParseException,5,8,0,0,2,4,1,2,1,2
JabRef,org.jabref.logic.importer,Importer,20,251,7,15,9,51,8,19,1,15
JabRef,org.jabref.logic.importer,IdParserFetcher,34,34,1,1,11,7,2,2,1,2
JabRef,org.jabref.logic.importer,ImportFormatReader,95,394,5,17,20,70,6,18,2,11
JabRef,org.jabref.logic.importer,ImportCleanup,10,24,3,1,2,8,2,3,0,3
JabRef,org.jabref.logic.importer,AuthorListParser.Token,0,27,0,0,0,5,0,1,0,1
JabRef,org.jabref.logic.importer,FetcherResult,0,15,0,0,0,6,0,3,0,3
JabRef,org.jabref.logic.importer,OpenDatabase,0,56,0,2,0,9,0,4,0,3
JabRef,org.jabref.logic.importer,ParserResult,52,155,3,11,16,42,11,23,8,19
JabRef,org.jabref.logic.importer,ImporterPreferences,43,40,0,0,15,9,11,3,11,3
JabRef,org.jabref.logic.importer,ImportException,9,4,0,0,4,2,2,1,2,1
JabRef,org.jabref.logic.importer,FulltextFetchers,39,134,0,2,15,33,2,15,2,14
JabRef,org.jabref.logic.importer,WebFetchers,84,431,8,2,17,69,7,7,2,7
JabRef,org.jabref.logic.importer,ImportFormatPreferences,39,0,0,0,14,0,7,0,7,0
JabRef,org.jabref.logic.importer,PagedSearchBasedFetcher,13,28,1,1,3,6,1,3,0,3
JabRef,org.jabref.logic.importer,QueryParser,3,36,0,0,2,9,0,2,0,2
JabRef,org.jabref.logic.importer,EntryBasedParserFetcher,15,38,0,2,5,10,1,2,1,1
JabRef,org.jabref.logic.remote.server,RemoteListenerServer,20,81,3,4,6,26,3,6,0,5
JabRef,org.jabref.logic.remote.server,RemoteListenerServerThread,0,34,0,0,0,11,0,4,0,4
JabRef,org.jabref.logic.remote.server,RemoteListenerServerLifecycle,4,84,2,12,3,26,2,14,0,9
JabRef,org.jabref.logic.bibtex,FieldContentFormatter,0,57,0,2,0,13,0,5,0,4
JabRef,org.jabref.logic.bibtex,InvalidFieldValueException,0,4,0,0,0,2,0,1,0,1
JabRef,org.jabref.logic.bibtex,BibEntryWriter,0,364,0,24,0,86,0,27,0,15
JabRef,org.jabref.logic.bibtex,FieldContentFormatterPreferences,0,15,0,0,0,7,0,3,0,3
JabRef,org.jabref.logic.bibtex,FieldWriterPreferences,0,26,0,0,0,10,0,5,0,5
JabRef,org.jabref.logic.bibtex,FileFieldWriter,0,103,0,12,0,23,0,11,0,5
JabRef,org.jabref.logic.bibtex,FieldWriter,62,307,8,52,13,71,7,34,0,11
JabRef,org.jabref.logic.importer.fileformat.mods,PhysicalDescriptionNote,85,0,2,0,36,0,24,0,23,0
JabRef,org.jabref.logic.importer.fileformat.mods,EnumerationAndChronologyDefinition,10,0,0,0,4,0,3,0,3,0
JabRef,org.jabref.logic.importer.fileformat.mods,RecordIdentifierDefinition,7,3,0,0,3,1,2,1,2,1
JabRef,org.jabref.logic.importer.fileformat.mods,Extent,7,3,0,0,3,1,2,1,2,1
JabRef,org.jabref.logic.importer.fileformat.mods,NamePartDefinition,0,10,0,0,0,4,0,3,0,3
JabRef,org.jabref.logic.importer.fileformat.mods,CodeOrText,31,25,4,0,5,6,4,2,2,2
JabRef,org.jabref.logic.importer.fileformat.mods,PlaceDefinition,12,14,2,2,5,4,3,3,2,2
JabRef,org.jabref.logic.importer.fileformat.mods,CitySectionDefinition,10,0,0,0,4,0,3,0,3,0
JabRef,org.jabref.logic.importer.fileformat.mods,CopyInformationDefinition,76,0,12,0,22,0,15,0,9,0
JabRef,org.jabref.logic.importer.fileformat.mods,RelatedItemDefinition,99,18,2,2,42,6,28,4,27,3
JabRef,org.jabref.logic.importer.fileformat.mods,PartDefinition,63,14,0,2,27,4,18,3,18,2
JabRef,org.jabref.logic.importer.fileformat.mods,TargetAudienceDefinition,17,0,0,0,7,0,5,0,5,0
JabRef,org.jabref.logic.importer.fileformat.mods,ExtensionDefinition,18,3,2,0,6,1,4,1,3,1
JabRef,org.jabref.logic.importer.fileformat.mods,IdentifierDefinition,33,10,2,0,14,4,9,3,8,3
JabRef,org.jabref.logic.importer.fileformat.mods,GenreDefinition,33,3,2,0,14,1,9,1,8,1
JabRef,org.jabref.logic.importer.fileformat.mods,HierarchicalGeographicDefinition,26,9,1,1,10,3,7,2,6,2
JabRef,org.jabref.logic.importer.fileformat.mods,SubjectNameDefinition,138,0,4,0,57,0,38,0,36,0
JabRef,org.jabref.logic.importer.fileformat.mods,DetailDefinition,7,21,0,2,3,7,2,5,2,4
JabRef,org.jabref.logic.importer.fileformat.mods,HoldingSimpleDefinition,14,0,2,0,4,0,3,0,2,0
JabRef,org.jabref.logic.importer.fileformat.mods,FormDefinition,7,3,0,0,3,1,2,1,2,1
JabRef,org.jabref.logic.importer.fileformat.mods,OriginInfoDefinition,49,14,0,2,21,4,14,3,14,2
JabRef,org.jabref.logic.importer.fileformat.mods,DateDefinition,36,7,2,0,15,3,10,2,9,2
JabRef,org.jabref.logic.importer.fileformat.mods,StringPlusLanguagePlusSupplied,12,3,2,0,5,1,3,1,2,1
JabRef,org.jabref.logic.importer.fileformat.mods,CopyInformationDefinition.Note,78,0,2,0,33,0,22,0,21,0
JabRef,org.jabref.logic.importer.fileformat.mods,RoleTermDefinition,7,3,0,0,3,1,2,1,2,1
JabRef,org.jabref.logic.importer.fileformat.mods,ExtentDefinition,14,24,0,0,6,10,4,7,4,7
JabRef,org.jabref.logic.importer.fileformat.mods,TitleInfoDefinition,183,14,6,2,78,4,51,3,48,2
JabRef,org.jabref.logic.importer.fileformat.mods,LanguageTermDefinition,28,3,0,0,12,1,8,1,8,1
JabRef,org.jabref.logic.importer.fileformat.mods,ReformattingQualityDefinition,31,32,4,0,5,7,4,2,2,2
JabRef,org.jabref.logic.importer.fileformat.mods,HierarchicalPart,35,3,0,0,15,1,10,1,10,1
JabRef,org.jabref.logic.importer.fileformat.mods,LocationDefinition,67,25,2,4,27,7,18,5,17,3
JabRef,org.jabref.logic.importer.fileformat.mods,TypeOfResourceDefinition,50,3,6,0,21,1,13,1,10,1
JabRef,org.jabref.logic.importer.fileformat.mods,NoteDefinition,89,3,2,0,38,1,25,1,24,1
JabRef,org.jabref.logic.importer.fileformat.mods,RegionDefinition,10,0,0,0,4,0,3,0,3,0
JabRef,org.jabref.logic.importer.fileformat.mods,NameDefinition,153,29,5,3,65,9,44,5,41,4
JabRef,org.jabref.logic.importer.fileformat.mods,PlaceTermDefinition,24,7,0,0,10,3,7,2,7,2
JabRef,org.jabref.logic.importer.fileformat.mods,AbstractDefinition,101,3,4,0,43,1,28,1,26,1
JabRef,org.jabref.logic.importer.fileformat.mods,RecordInfoDefinition,47,9,1,1,19,3,13,2,12,2
JabRef,org.jabref.logic.importer.fileformat.mods,GeographicCodeDefinition,24,0,0,0,10,0,7,0,7,0
JabRef,org.jabref.logic.importer.fileformat.mods,AlternativeNameDefinition,110,0,4,0,45,0,30,0,28,0
JabRef,org.jabref.logic.importer.fileformat.mods,AreaDefinition,10,0,0,0,4,0,3,0,3,0
JabRef,org.jabref.logic.importer.fileformat.mods,ModsDefinition,7,21,0,2,3,7,2,5,2,4
JabRef,org.jabref.logic.importer.fileformat.mods,SubjectDefinition,136,14,4,2,58,4,38,3,36,2
JabRef,org.jabref.logic.importer.fileformat.mods,Text,71,0,2,0,30,0,20,0,19,0
JabRef,org.jabref.logic.importer.fileformat.mods,LanguageDefinition,72,14,4,2,29,4,19,3,17,2
JabRef,org.jabref.logic.importer.fileformat.mods,RoleDefinition,11,3,2,0,3,1,2,1,1,1
JabRef,org.jabref.logic.importer.fileformat.mods,StringPlusLanguage,28,10,0,0,12,4,8,3,8,3
JabRef,org.jabref.logic.importer.fileformat.mods,IssuanceDefinition,5,79,1,3,1,14,1,5,0,4
JabRef,org.jabref.logic.importer.fileformat.mods,SubjectTitleInfoDefinition,138,0,4,0,57,0,38,0,36,0
JabRef,org.jabref.logic.importer.fileformat.mods,ObjectFactory,1706,0,0,0,271,0,168,0,168,0
JabRef,org.jabref.logic.importer.fileformat.mods,PhysicalDescriptionDefinition,53,3,2,0,21,1,14,1,13,1
JabRef,org.jabref.logic.importer.fileformat.mods,ScriptTermDefinition,10,0,0,0,4,0,3,0,3,0
JabRef,org.jabref.logic.importer.fileformat.mods,UrlDefinition,35,10,0,0,15,4,10,3,10,3
JabRef,org.jabref.logic.importer.fileformat.mods,CartographicsDefinition,60,0,4,0,22,0,15,0,13,0
JabRef,org.jabref.logic.importer.fileformat.mods,ItemIdentifierDefinition,10,0,0,0,4,0,3,0,3,0
JabRef,org.jabref.logic.importer.fileformat.mods,PublisherDefinition,21,3,0,0,9,1,6,1,6,1
JabRef,org.jabref.logic.importer.fileformat.mods,DigitalOriginDefinition,31,39,4,0,5,8,4,2,2,2
JabRef,org.jabref.logic.importer.fileformat.mods,ClassificationDefinition,40,3,2,0,17,1,11,1,10,1
JabRef,org.jabref.logic.importer.fileformat.mods,NonSort,10,0,0,0,4,0,3,0,3,0
JabRef,org.jabref.logic.importer.fileformat.mods,TableOfContentsDefinition,104,0,4,0,44,0,29,0,27,0
JabRef,org.jabref.logic.importer.fileformat.mods,DateOtherDefinition,10,0,0,0,4,0,3,0,3,0
JabRef,org.jabref.logic.importer.fileformat.mods,AccessConditionDefinition,110,3,2,0,47,1,31,1,30,1
JabRef,org.jabref.logic.importer.fileformat.mods,PhysicalLocationDefinition,68,3,2,0,29,1,19,1,18,1
JabRef,org.jabref.logic.importer.fileformat.mods,TemporalDefinition,24,0,0,0,10,0,7,0,7,0
JabRef,org.jabref.logic.importer.fileformat.mods,ModsCollectionDefinition,0,14,0,2,0,4,0,3,0,2
JabRef,org.jabref.logic.importer.fileformat.mods,StringPlusLanguagePlusAuthority,21,3,0,0,9,1,6,1,6,1
JabRef,org.jabref.gui.sidepane,GroupsSidePaneComponent,59,0,0,0,14,0,4,0,4,0
JabRef,org.jabref.gui.sidepane,SidePaneViewModel.PreferredIndexSort,0,29,0,0,0,6,0,2,0,2
JabRef,org.jabref.gui.sidepane,SidePaneViewModel.MoveUpAction,15,0,0,0,5,0,2,0,2,0
JabRef,org.jabref.gui.sidepane,SidePaneComponent,162,0,2,0,32,0,8,0,7,0
JabRef,org.jabref.gui.sidepane,SidePaneType,6,53,0,0,2,10,2,3,2,3
JabRef,org.jabref.gui.sidepane,SidePaneViewModel,109,196,10,11,13,48,9,13,1,10
JabRef,org.jabref.gui.sidepane,SidePane,99,0,2,0,20,0,7,0,6,0
JabRef,org.jabref.gui.sidepane,SidePaneViewModel.ClosePaneAction,18,0,0,0,5,0,2,0,2,0
JabRef,org.jabref.gui.sidepane,TogglePaneAction,44,0,2,0,10,0,3,0,2,0
JabRef,org.jabref.gui.sidepane,SidePaneContentFactory,52,18,4,0,7,7,4,1,1,1
JabRef,org.jabref.gui.sidepane,SidePaneViewModel.MoveDownAction,15,0,0,0,5,0,2,0,2,0
JabRef,org.jabref.gui.sidepane,GroupsSidePaneComponent.ToggleUnionIntersectionAction,45,0,4,0,9,0,4,0,2,0
JabRef,org.jabref.gui.logging,GuiWriter,21,0,0,0,9,0,7,0,7,0
JabRef,org.jabref.gui.logging,ApplicationInsightsLogEvent,186,0,21,0,35,0,18,0,6,0
JabRef,org.jabref.gui.logging,ApplicationInsightsWriter,68,0,2,0,20,0,8,0,7,0
JabRef,org.jabref.logic.importer.fileformat,PdfContentImporter,389,836,72,104,78,194,58,49,2,17
JabRef,org.jabref.logic.importer.fileformat,RepecNepImporter,84,591,23,77,13,118,17,49,0,16
JabRef,org.jabref.logic.importer.fileformat,EndnoteXmlImporter,53,574,6,22,19,148,10,50,4,40
JabRef,org.jabref.logic.importer.fileformat,PdfMergeMetadataImporter,191,103,20,6,35,22,13,9,2,7
JabRef,org.jabref.logic.importer.fileformat,PdfEmbeddedBibFileImporter,102,138,17,13,24,39,15,12,3,9
JabRef,org.jabref.logic.importer.fileformat,MrDLibImporter.RankedBibEntry,0,9,0,0,0,4,0,1,0,1
JabRef,org.jabref.logic.importer.fileformat,MsBibImporter.new ErrorHandler() {...},3,5,0,0,2,2,2,2,2,2
JabRef,org.jabref.logic.importer.fileformat,CffImporter.CffIdentifier,0,3,0,0,0,2,0,1,0,1
JabRef,org.jabref.logic.importer.fileformat,MrDLibImporter,19,270,5,17,6,55,6,22,1,16
JabRef,org.jabref.logic.importer.fileformat,BibtexImporter,5,165,0,12,2,44,0,15,0,9
JabRef,org.jabref.logic.importer.fileformat,PdfMergeMetadataImporter.EntryBasedFetcherWrapper,45,15,6,0,11,5,4,2,1,2
JabRef,org.jabref.logic.importer.fileformat,ACMPortalParser,19,460,8,40,6,87,8,23,0,7
JabRef,org.jabref.logic.importer.fileformat,CitaviXmlImporter,66,955,17,61,14,189,21,67,4,43
JabRef,org.jabref.logic.importer.fileformat,SilverPlatterImporter,0,490,3,61,0,104,3,36,0,7
JabRef,org.jabref.logic.importer.fileformat,EndnoteImporter,0,610,3,113,0,141,3,64,0,9
JabRef,org.jabref.logic.importer.fileformat,MsBibImporter,6,87,1,3,2,25,1,9,0,8
JabRef,org.jabref.logic.importer.fileformat,ModsImporter,33,1195,28,101,8,249,27,87,0,48
JabRef,org.jabref.logic.importer.fileformat,BibtexParser,202,1526,49,227,50,390,39,145,1,44
JabRef,org.jabref.logic.importer.fileformat,OvidImporter,0,707,0,88,0,130,0,52,0,8
JabRef,org.jabref.logic.importer.fileformat,PdfGrobidImporter,27,66,1,1,9,16,6,6,5,6
JabRef,org.jabref.logic.importer.fileformat,PdfVerbatimBibTextImporter,23,104,0,0,6,26,2,9,2,9
JabRef,org.jabref.logic.importer.fileformat,BiblioscapeImporter,0,837,2,148,0,192,2,79,0,6
JabRef,org.jabref.logic.importer.fileformat,CffImporter.CffAuthor,0,15,0,0,0,5,0,2,0,2
JabRef,org.jabref.logic.importer.fileformat,CoinsParser,5,176,2,6,2,35,2,5,0,3
JabRef,org.jabref.logic.importer.fileformat,MedlineImporter,20,1793,45,205,4,391,45,117,0,37
JabRef,org.jabref.logic.importer.fileformat,RisImporter,113,974,29,187,15,183,29,91,0,12
JabRef,org.jabref.logic.importer.fileformat,InspecImporter,0,312,4,38,0,67,4,24,0,7
JabRef,org.jabref.logic.importer.fileformat,GvkParser,149,769,46,136,35,207,35,65,0,9
JabRef,org.jabref.logic.importer.fileformat,IsiImporter,0,983,3,153,0,197,3,90,0,15
JabRef,org.jabref.logic.importer.fileformat,MedlinePlainImporter,35,1228,10,189,4,223,10,111,0,19
JabRef,org.jabref.logic.importer.fileformat,BibTeXMLImporter,19,537,3,71,7,124,3,48,0,14
JabRef,org.jabref.logic.importer.fileformat,CffImporter.CffFormat,0,15,0,0,0,5,0,2,0,2
JabRef,org.jabref.logic.importer.fileformat,CffImporter,13,379,7,25,1,75,7,25,0,16
JabRef,org.jabref.logic.importer.fileformat,CopacImporter,0,334,0,44,0,64,0,31,0,9
JabRef,org.jabref.logic.importer.fileformat,CustomImporter,42,104,3,5,8,20,8,10,5,9
JabRef,org.jabref.logic.importer.fileformat,PdfXmpImporter,16,48,0,0,4,15,2,8,2,8
JabRef,org.jabref.gui.entryeditor.fileannotationtab,FileAnnotationTab,40,0,0,0,11,0,3,0,3,0
JabRef,org.jabref.gui.entryeditor.fileannotationtab,FileAnnotationTabViewModel,241,0,4,0,53,0,15,0,13,0
JabRef,org.jabref.gui.entryeditor.fileannotationtab,FulltextSearchResultsTab,530,0,30,0,79,0,27,0,12,0
JabRef,org.jabref.gui.entryeditor.fileannotationtab,FileAnnotationViewModel,83,148,13,3,16,33,13,10,6,9
JabRef,org.jabref.gui.entryeditor.fileannotationtab,FileAnnotationTabView,282,0,0,0,57,0,7,0,7,0
JabRef,org.jabref.logic.openoffice,NoDocumentFoundException,8,0,0,0,4,0,2,0,2,0
JabRef,org.jabref.logic.openoffice,OpenOfficeFileSearch,177,0,16,0,33,0,20,0,12,0
JabRef,org.jabref.logic.openoffice,OpenOfficePreferences,73,0,0,0,29,0,14,0,14,0
JabRef,org.jabref.logic.shared.event,UpdateRefusedEvent,21,0,0,0,8,0,4,0,4,0
JabRef,org.jabref.logic.shared.event,ConnectionLostEvent,9,0,0,0,4,0,2,0,2,0
JabRef,org.jabref.logic.shared.event,SharedEntriesNotPresentEvent,9,0,0,0,4,0,2,0,2,0
JabRef,org.jabref.model.pdf.search,EnglishStemAnalyzer,0,34,0,0,0,7,0,2,0,2
JabRef,org.jabref.model.pdf.search,PdfSearchResults,67,17,4,0,13,7,6,3,4,3
JabRef,org.jabref.model.pdf.search,SearchResult,39,117,0,2,11,21,8,3,8,2
JabRef,org.jabref.model.pdf.search,SearchFieldConstants,3,24,0,0,1,1,1,1,1,1
JabRef,org.jabref.gui.journals,UndoableAbbreviator,96,0,12,0,23,0,10,0,3,0
JabRef,org.jabref.gui.journals,AbbreviateAction,320,0,16,0,57,0,24,0,15,0
JabRef,org.jabref.gui.journals,UndoableUnabbreviator,67,0,8,0,18,0,6,0,2,0
JabRef,org.jabref.gui.journals,AbbreviationType,21,0,0,0,4,0,1,0,1,0
JabRef,org.jabref.gui.shared,SharedDatabaseLoginDialogView,311,0,4,0,52,0,12,0,10,0
JabRef,org.jabref.gui.shared,SharedDatabaseUIManager,481,0,16,0,82,0,16,0,8,0
JabRef,org.jabref.gui.shared,SharedDatabaseLoginDialogViewModel,932,0,28,0,172,0,55,0,41,0
JabRef,org.jabref.gui.shared,ConnectToSharedDatabaseCommand,19,0,0,0,6,0,2,0,2,0
JabRef,org.jabref.gui.shared,PullChangesFromSharedAction,26,0,0,0,9,0,3,0,3,0
JabRef,org.jabref.gui.preview,PreviewViewer,466,0,22,0,115,0,34,0,23,0
JabRef,org.jabref.gui.preview,CopyCitationAction,197,73,13,0,42,15,13,4,6,4
JabRef,org.jabref.gui.preview,PreviewPanel,439,0,14,0,91,0,25,0,18,0
JabRef,org.jabref.logic.journals,JournalAbbreviationLoader,43,68,3,1,11,16,3,4,1,4
JabRef,org.jabref.logic.journals,Abbreviation,33,121,2,16,4,28,4,16,2,9
JabRef,org.jabref.logic.journals,AbbreviationFormat,0,14,0,0,0,7,0,1,0,1
JabRef,org.jabref.logic.journals,AbbreviationWriter,15,50,1,3,1,7,1,2,0,1
JabRef,org.jabref.logic.journals,JournalAbbreviationPreferences,7,12,0,0,3,5,2,2,2,2
JabRef,org.jabref.logic.journals,JournalAbbreviationRepository,11,259,5,25,3,43,7,31,2,21
JabRef,org.jabref.logic.journals,AbbreviationParser,35,93,4,8,9,18,5,8,1,6
JabRef,org.jabref.model.entry.identifier,DOI,24,290,4,22,8,66,7,22,3,13
JabRef,org.jabref.model.entry.identifier,ISSN,0,111,1,15,0,22,1,13,0,6
JabRef,org.jabref.model.entry.identifier,MathSciNetId,32,41,3,3,9,9,8,3,5,3
JabRef,org.jabref.model.entry.identifier,IacrEprint,23,69,0,2,8,17,2,7,2,6
JabRef,org.jabref.model.entry.identifier,ISBN,28,186,4,28,7,38,7,24,3,12
JabRef,org.jabref.model.entry.identifier,ArXivIdentifier,30,150,5,17,7,40,8,16,3,10
JabRef,org.jabref.model.entry,BibtexString.Type,2,85,1,7,1,15,1,6,0,3
JabRef,org.jabref.model.entry,IdGenerator,0,20,0,0,0,7,0,2,0,2
JabRef,org.jabref.model.entry,BibEntryTypeBuilder,11,171,0,0,1,27,1,14,1,14
JabRef,org.jabref.model.entry,BibEntryType,84,175,9,13,17,31,11,20,4,16
JabRef,org.jabref.model.entry,CanonicalBibEntry,0,154,0,6,0,23,0,4,0,1
JabRef,org.jabref.model.entry,BibtexString,3,191,7,13,1,46,7,19,0,16
JabRef,org.jabref.model.entry,BibEntryTypesManager.InternalEntryTypes,10,80,0,2,4,20,2,9,2,8
JabRef,org.jabref.model.entry,AuthorList,14,348,2,19,3,72,3,47,1,36
JabRef,org.jabref.model.entry,ParsedEntryLink,30,62,4,4,6,16,6,6,2,6
JabRef,org.jabref.model.entry,Month,0,303,0,29,0,62,0,31,0,11
JabRef,org.jabref.model.entry,BibEntry,146,1478,36,242,35,302,40,187,11,77
JabRef,org.jabref.model.entry,EntryLinkList,13,42,1,5,1,7,3,4,2,2
JabRef,org.jabref.model.entry,Author,10,742,11,106,3,140,11,73,0,25
JabRef,org.jabref.model.entry,LinkedFile,100,233,5,15,20,49,13,22,8,17
JabRef,org.jabref.model.entry,BibEntryTypesManager,74,287,16,14,19,51,16,23,6,18
JabRef,org.jabref.model.entry,Keyword,21,151,4,10,4,32,6,18,2,15
JabRef,org.jabref.model.entry,Date,64,336,11,25,17,60,14,23,5,14
JabRef,org.jabref.model.entry,EntryConverter,0,59,0,0,0,15,0,1,0,1
JabRef,org.jabref.model.entry,KeywordList,82,209,9,9,20,51,12,26,6,23
JabRef,org.jabref.model.entry,SharedBibEntryData,8,15,0,0,4,6,2,3,2,3
JabRef,org.jabref.gui.preferences.preview,PreviewTab,755,0,10,0,124,0,33,0,28,0
JabRef,org.jabref.gui.preferences.preview,PreviewTabViewModel,1153,0,74,0,234,0,83,0,46,0
JabRef,org.jabref.gui.preferences.preview,PreviewTab.EditAction,43,0,7,0,11,0,7,0,2,0
JabRef,org.jabref.gui.preferences.file,FileTab,111,0,0,0,19,0,3,0,3,0
JabRef,org.jabref.gui.preferences.file,FileTabViewModel,185,0,4,0,36,0,13,0,11,0
JabRef,org.jabref.gui.entryeditor,OptionalFieldsTab,20,0,0,0,3,0,1,0,1,0
JabRef,org.jabref.gui.entryeditor,LatexCitationsTabViewModel.Status,27,0,0,0,5,0,1,0,1,0
JabRef,org.jabref.gui.entryeditor,EntryEditor,942,0,43,0,167,0,57,0,32,0
JabRef,org.jabref.gui.entryeditor,SourceTab.EditAction,39,0,5,0,10,0,6,0,2,0
JabRef,org.jabref.gui.entryeditor,OpenEntryEditorAction,30,0,2,0,8,0,3,0,2,0
JabRef,org.jabref.gui.entryeditor,RequiredFieldsTab,83,0,4,0,15,0,4,0,2,0
JabRef,org.jabref.gui.entryeditor,LatexCitationsTab,358,0,5,0,65,0,14,0,10,0
JabRef,org.jabref.gui.entryeditor,EntryEditorPreferences,168,0,0,0,47,0,28,0,28,0
JabRef,org.jabref.gui.entryeditor,RelatedArticlesTab,655,0,6,0,129,0,18,0,15,0
JabRef,org.jabref.gui.entryeditor,SourceTab,698,0,48,0,141,0,44,0,20,0
JabRef,org.jabref.gui.entryeditor,PreviewTab,87,0,6,0,23,0,8,0,5,0
JabRef,org.jabref.gui.entryeditor,OtherFieldsTab,110,0,4,0,17,0,5,0,3,0
JabRef,org.jabref.gui.entryeditor,OptionalFieldsTabBase,64,0,4,0,13,0,4,0,2,0
JabRef,org.jabref.gui.entryeditor,PreviewSwitchAction,30,0,2,0,9,0,3,0,2,0
JabRef,org.jabref.gui.entryeditor,LatexCitationsTabViewModel,350,0,16,0,71,0,29,0,21,0
JabRef,org.jabref.gui.entryeditor,DeprecatedFieldsTab,72,0,4,0,10,0,5,0,3,0
JabRef,org.jabref.gui.entryeditor,EntryEditorTab,30,0,4,0,10,0,7,0,5,0
JabRef,org.jabref.gui.entryeditor,UserDefinedFieldsTab,31,0,0,0,6,0,2,0,2,0
JabRef,org.jabref.gui.entryeditor,MathSciNetTab,95,0,2,0,22,0,8,0,7,0
JabRef,org.jabref.gui.entryeditor,FieldsEditorTab,549,0,26,0,109,0,29,0,16,0
JabRef,org.jabref.gui.entryeditor,OptionalFields2Tab,20,0,0,0,3,0,1,0,1,0
JabRef,org.jabref.gui.entryeditor,SourceTab.InputMethodRequestsObject,11,0,0,0,4,0,4,0,4,0
JabRef,org.jabref.gui.entryeditor,PreviewSwitchAction.Direction,15,0,0,0,1,0,1,0,1,0
JabRef,org.jabref.gui.push,PushToTexmaker,28,0,0,0,5,0,4,0,4,0
JabRef,org.jabref.gui.push,PushToApplicationsManager,129,0,4,0,23,0,10,0,8,0
JabRef,org.jabref.gui.push,PushToApplicationAction.new Action() {...},29,0,0,0,5,0,5,0,5,0
JabRef,org.jabref.gui.push,PushToWinEdt,27,0,0,0,6,0,4,0,4,0
JabRef,org.jabref.gui.push,PushToVim,181,0,12,0,45,0,14,0,8,0
JabRef,org.jabref.gui.push,PushToApplicationAction,163,0,14,0,37,0,15,0,8,0
JabRef,org.jabref.gui.push,PushToEmacs,233,0,14,0,53,0,16,0,9,0
JabRef,org.jabref.gui.push,AbstractPushToApplication,231,0,14,0,47,0,17,0,10,0
JabRef,org.jabref.gui.push,PushToTeXstudio,37,0,0,0,5,0,4,0,4,0
JabRef,org.jabref.gui.push,PushToVimSettings,53,0,0,0,9,0,2,0,2,0
JabRef,org.jabref.gui.push,PushToEmacsSettings,53,0,0,0,9,0,2,0,2,0
JabRef,org.jabref.gui.push,PushToLyxSettings,15,0,0,0,3,0,1,0,1,0
JabRef,org.jabref.gui.push,PushToApplicationSettings,233,0,2,0,39,0,6,0,5,0
JabRef,org.jabref.gui.push,PushToLyx,165,0,18,0,39,0,17,0,8,0
JabRef,org.jabref.gui.importer.fetcher,WebSearchPaneViewModel,129,143,7,5,24,34,11,8,7,6
JabRef,org.jabref.gui.importer.fetcher,LookupIdentifierAction,251,0,10,0,44,0,13,0,8,0
JabRef,org.jabref.gui.importer.fetcher,LookupIdentifierAction.new Action() {...},17,0,0,0,5,0,5,0,5,0
JabRef,org.jabref.gui.importer.fetcher,WebSearchPaneView,229,0,10,0,45,0,12,0,7,0
JabRef,org.jabref.logic.citationkeypattern,GlobalCitationKeyPattern,3,12,0,0,1,4,1,2,1,2
JabRef,org.jabref.logic.citationkeypattern,BracketedPattern,201,2016,62,272,51,430,55,177,1,53
JabRef,org.jabref.logic.citationkeypattern,AbstractCitationKeyPattern,47,129,7,13,8,28,9,13,2,10
JabRef,org.jabref.logic.citationkeypattern,DatabaseCitationKeyPattern,0,11,0,0,0,4,0,2,0,2
JabRef,org.jabref.logic.citationkeypattern,CitationKeyPatternPreferences.KeySuffix,0,21,0,0,0,4,0,1,0,1
JabRef,org.jabref.logic.citationkeypattern,BracketedPattern.Institution,0,102,0,12,0,22,0,8,0,2
JabRef,org.jabref.logic.citationkeypattern,CitationKeyGenerator,21,397,2,32,3,69,2,33,0,18
JabRef,org.jabref.logic.citationkeypattern,CitationKeyPatternPreferences,11,51,0,0,4,18,3,8,3,8
JabRef,org.jabref.logic.integrity,NoteChecker,2,33,1,5,1,8,1,5,0,3
JabRef,org.jabref.logic.integrity,NoBibtexFieldChecker,2,107,2,8,0,15,2,14,0,11
JabRef,org.jabref.logic.integrity,CitationKeyDuplicationChecker,0,38,0,4,0,11,0,4,0,2
JabRef,org.jabref.logic.integrity,PagesChecker,2,34,1,5,1,9,1,4,0,2
JabRef,org.jabref.logic.integrity,BracketChecker,0,55,0,12,0,14,0,8,0,2
JabRef,org.jabref.logic.integrity,EntryLinkChecker,0,106,0,12,0,20,0,8,0,2
JabRef,org.jabref.logic.integrity,HowPublishedChecker,2,33,1,5,1,8,1,5,0,3
JabRef,org.jabref.logic.integrity,JournalInAbbreviationListChecker,0,46,0,4,0,11,0,4,0,2
JabRef,org.jabref.logic.integrity,AbbreviationChecker,0,24,0,4,0,8,0,4,0,2
JabRef,org.jabref.logic.integrity,CitationKeyChecker,0,49,0,8,0,11,0,6,0,2
JabRef,org.jabref.logic.integrity,YearChecker,0,43,0,6,0,11,0,6,0,3
JabRef,org.jabref.logic.integrity,FieldChecker,0,41,0,2,0,8,0,4,0,3
JabRef,org.jabref.logic.integrity,ASCIICharacterChecker,0,44,0,4,0,9,0,4,0,2
JabRef,org.jabref.logic.integrity,TitleChecker,2,83,1,11,1,23,1,8,0,3
JabRef,org.jabref.logic.integrity,ISBNChecker,2,31,1,5,1,8,1,4,0,2
JabRef,org.jabref.logic.integrity,IntegrityCheck,2,175,1,9,1,28,1,8,0,4
JabRef,org.jabref.logic.integrity,UTF8Checker,0,63,0,4,0,17,0,5,0,3
JabRef,org.jabref.logic.integrity,TypeChecker,0,30,0,4,0,8,0,4,0,2
JabRef,org.jabref.logic.integrity,FieldCheckers,5,234,0,6,2,38,1,7,1,4
JabRef,org.jabref.logic.integrity,DoiValidityChecker,0,23,0,4,0,6,0,4,0,2
JabRef,org.jabref.logic.integrity,IntegrityMessage,37,65,6,6,5,14,9,5,3,5
JabRef,org.jabref.logic.integrity,BibStringChecker,0,67,0,8,0,15,0,7,0,3
JabRef,org.jabref.logic.integrity,PersonNamesChecker,0,79,0,14,0,16,0,9,0,2
JabRef,org.jabref.logic.integrity,ValidCitationKeyChecker,0,28,0,4,0,7,0,4,0,2
JabRef,org.jabref.logic.integrity,BibTeXEntryTypeChecker,0,26,0,2,0,5,0,3,0,2
JabRef,org.jabref.logic.integrity,DoiDuplicationChecker,0,75,0,4,0,12,0,9,0,7
JabRef,org.jabref.logic.integrity,CitationKeyDeviationChecker,2,50,1,3,1,12,1,3,0,2
JabRef,org.jabref.logic.integrity,HTMLCharacterChecker,0,57,0,6,0,12,0,6,0,3
JabRef,org.jabref.logic.integrity,EditionChecker,0,96,0,20,0,21,0,14,0,4
JabRef,org.jabref.logic.integrity,BooktitleChecker,0,22,0,4,0,6,0,4,0,2
JabRef,org.jabref.logic.integrity,ISSNChecker,0,36,0,6,0,10,0,5,0,2
JabRef,org.jabref.logic.integrity,FileChecker,3,63,3,7,1,15,3,5,0,3
JabRef,org.jabref.logic.integrity,DateChecker,0,22,0,4,0,7,0,4,0,2
JabRef,org.jabref.logic.integrity,MonthChecker,2,57,1,11,1,15,1,8,0,3
JabRef,org.jabref.logic.integrity,UrlChecker,2,19,1,3,1,5,1,3,0,2
JabRef,org.jabref.logic.integrity,BracesCorrector,3,70,0,10,1,14,1,9,1,4
JabRef,org.jabref.logic.crawler,StudyRepository,115,648,10,24,32,141,11,37,1,30
JabRef,org.jabref.logic.crawler,StudyYamlParser,0,57,0,0,0,11,0,3,0,3
JabRef,org.jabref.logic.crawler,StudyDatabaseToFetcherConverter,0,52,0,0,0,16,0,5,0,5
JabRef,org.jabref.logic.crawler,StudyFetcher,4,107,1,3,1,23,1,8,0,7
JabRef,org.jabref.logic.crawler,Crawler,0,44,0,0,0,11,0,2,0,2
JabRef,org.jabref.model.openoffice.uno,UnoSelection,88,0,12,0,29,0,11,0,5,0
JabRef,org.jabref.model.openoffice.uno,UnoTextRange,108,0,10,0,20,0,12,0,7,0
JabRef,org.jabref.model.openoffice.uno,UnoNamed,53,0,0,0,12,0,3,0,3,0
JabRef,org.jabref.model.openoffice.uno,UnoCast,5,0,0,0,1,0,1,0,1,0
JabRef,org.jabref.model.openoffice.uno,UnoProperties,78,0,2,0,22,0,12,0,11,0
JabRef,org.jabref.model.openoffice.uno,UnoNameAccess,9,0,0,0,3,0,1,0,1,0
JabRef,org.jabref.model.openoffice.uno,UnoCrossRef,100,0,0,0,30,0,2,0,2,0
JabRef,org.jabref.model.openoffice.uno,UnoUndo,34,0,2,0,11,0,5,0,4,0
JabRef,org.jabref.model.openoffice.uno,UnoBookmark,56,0,4,0,16,0,6,0,4,0
JabRef,org.jabref.model.openoffice.uno,CreationException,4,0,0,0,2,0,1,0,1,0
JabRef,org.jabref.model.openoffice.uno,UnoUserDefinedProperty,164,0,12,0,48,0,13,0,7,0
JabRef,org.jabref.model.openoffice.uno,UnoRedlines,59,0,6,0,21,0,7,0,4,0
JabRef,org.jabref.model.openoffice.uno,UnoStyle,76,0,0,0,17,0,6,0,6,0
JabRef,org.jabref.model.openoffice.uno,UnoTextSection,49,0,0,0,12,0,5,0,5,0
JabRef,org.jabref.model.openoffice.uno,UnoCursor,33,0,4,0,10,0,6,0,4,0
JabRef,org.jabref.model.openoffice.uno,UnoScreenRefresh,9,0,0,0,5,0,3,0,3,0
JabRef,org.jabref.model.openoffice.uno,UnoTextDocument,94,0,14,0,32,0,13,0,6,0
JabRef,org.jabref.model.openoffice.uno,UnoReferenceMark,75,0,6,0,23,0,9,0,6,0
JabRef,org.jabref.model.openoffice.uno,NoDocumentException,8,0,0,0,4,0,2,0,2,0
JabRef,org.jabref.logic.l10n,LocalizationKey,6,47,0,0,1,14,1,5,1,5
JabRef,org.jabref.logic.l10n,Localization,30,118,5,11,11,30,5,13,1,9
JabRef,org.jabref.logic.l10n,LocalizationKeyParams,0,49,0,4,0,11,0,4,0,2
JabRef,org.jabref.logic.l10n,Encodings,2,32,0,0,1,7,1,1,1,1
JabRef,org.jabref.logic.l10n,LocalizationLocator,5,0,0,0,2,0,2,0,2,0
JabRef,org.jabref.logic.l10n,Localization.LocalizationBundle,9,20,0,0,2,7,2,3,2,3
JabRef,org.jabref.logic.l10n,Language,5,239,1,3,2,36,2,5,1,4
JabRef,org.jabref.gui.preferences.general,GeneralTab,208,0,0,0,34,0,3,0,3,0
JabRef,org.jabref.gui.preferences.general,GeneralTabViewModel,384,0,6,0,78,0,23,0,20,0
JabRef,org.jabref.gui.keyboard,KeyBindingCategory,0,92,0,0,0,13,0,3,0,3
JabRef,org.jabref.gui.keyboard,TextInputKeyBindings,209,0,17,0,71,0,18,0,3,0
JabRef,org.jabref.gui.keyboard,KeyBindingRepository,113,185,20,10,20,37,21,20,7,19
JabRef,org.jabref.gui.keyboard,CodeAreaKeyBindings,225,0,18,0,78,0,20,0,3,0
JabRef,org.jabref.gui.keyboard,KeyBinding,0,1371,0,0,0,114,0,6,0,6
JabRef,org.jabref.gui,LibraryTab.EntriesRemovedListener,12,0,0,0,3,0,2,0,2,0
JabRef,org.jabref.gui,JabRefFrame.CloseAction,11,0,0,0,3,0,2,0,2,0
JabRef,org.jabref.gui,LibraryTab.Factory,47,0,0,0,10,0,2,0,2,0
JabRef,org.jabref.gui,JabRefDialogService.new DialogPane() {...},31,0,0,0,5,0,3,0,3,0
JabRef,org.jabref.gui,EntryTypeViewModel.FetcherWorker,46,0,2,0,10,0,3,0,2,0
JabRef,org.jabref.gui,SendAsEMailAction,244,0,14,0,53,0,12,0,5,0
JabRef,org.jabref.gui,LibraryTab.GroupTreeListener,34,0,4,0,7,0,5,0,3,0
JabRef,org.jabref.gui,LibraryTab.DatabaseNotification,38,0,4,0,11,0,5,0,3,0
JabRef,org.jabref.gui,JabRefExecutorService.NamedRunnable,23,0,0,0,9,0,2,0,2,0
JabRef,org.jabref.gui,DragAndDropHelper,27,0,4,0,5,0,5,0,3,0
JabRef,org.jabref.gui,JabRefLauncher,6,0,0,0,3,0,2,0,2,0
JabRef,org.jabref.gui,JabRefFrame.UndoRedoEventManager,19,0,0,0,7,0,4,0,4,0
JabRef,org.jabref.gui,DefaultInjector,102,0,24,0,37,0,17,0,5,0
JabRef,org.jabref.gui,Globals,141,32,12,0,43,8,17,1,11,1
JabRef,org.jabref.gui,EntryTypeView,598,0,57,0,127,0,63,0,19,0
JabRef,org.jabref.gui,WaitForSaveFinishedDialog,31,0,2,0,9,0,3,0,2,0
JabRef,org.jabref.gui,JabRefGUI,566,0,52,0,148,0,40,0,14,0
JabRef,org.jabref.gui,AbstractViewModel,0,3,0,0,0,1,0,1,0,1
JabRef,org.jabref.gui,LibraryTab.SearchListener,36,0,0,0,7,0,7,0,7,0
JabRef,org.jabref.gui,OpenConsoleAction,14,51,0,0,5,12,1,5,1,5
JabRef,org.jabref.gui,FallbackExceptionHandler,22,7,0,0,8,2,3,2,3,2
JabRef,org.jabref.gui,JabRefDialogService,932,14,19,1,197,4,52,2,42,2
JabRef,org.jabref.gui,StateManager,173,107,4,2,29,26,28,7,26,6
JabRef,org.jabref.gui,LibraryTab,1485,4,86,0,330,1,129,1,86,1
JabRef,org.jabref.gui,DragAndDropDataFormats,56,0,0,0,7,0,2,0,2,0
JabRef,org.jabref.gui,JabRefMain,318,0,24,0,98,0,24,0,12,0
JabRef,org.jabref.gui,BasePanelMode,21,0,0,0,4,0,1,0,1,0
JabRef,org.jabref.gui,LibraryTab.IndexUpdateListener,188,0,14,0,39,0,11,0,4,0
JabRef,org.jabref.gui,JabRefFrame.CloseAllDatabaseAction,26,0,2,0,5,0,3,0,2,0
JabRef,org.jabref.gui,ClipBoardManager,308,24,26,0,86,5,31,2,18,2
JabRef,org.jabref.gui,JabRefFrame.CloseDatabaseAction,26,0,0,0,7,0,3,0,3,0
JabRef,org.jabref.gui,JabRefFrame.new TimerTask() {...},11,0,0,0,3,0,2,0,2,0
JabRef,org.jabref.gui,JabRefFrame.new InvalidationListener() {...},18,0,2,0,5,0,3,0,2,0
JabRef,org.jabref.gui,JabRefFrame.OpenDatabaseFolder,35,0,0,0,10,0,3,0,3,0
JabRef,org.jabref.gui,JabRefFrame,4044,4,163,0,583,1,158,1,70,1
JabRef,org.jabref.gui,FXDialog,94,0,4,0,31,0,12,0,10,0
JabRef,org.jabref.gui,DialogService,16,0,0,0,3,0,2,0,2,0
JabRef,org.jabref.gui,EntryTypeViewModel,395,0,10,0,80,0,21,0,16,0
JabRef,org.jabref.gui,UpdateTimestampListener,0,25,1,3,0,7,1,3,0,2
JabRef,org.jabref.gui,JabRefExecutorService,156,72,6,2,53,21,14,6,10,6
JabRef,org.jabref.gui,JabRefFrame.CloseOthersDatabaseAction,46,0,4,0,11,0,4,0,2,0
JabRef,org.jabref.gui,WaitForSaveFinishedDialog.new Task() {...},22,0,4,0,6,0,4,0,2,0
JabRef,org.jabref.model,TreeNode,0,577,2,72,0,149,2,74,0,39
JabRef,org.jabref.model,ChainNode,58,55,8,4,16,18,9,7,4,6
JabRef,org.jabref.model,FieldChange,53,93,9,17,8,27,9,12,2,6
JabRef,org.jabref.gui.util,DefaultTaskExecutor.new Task() {...},82,0,2,0,13,0,8,0,7,0
JabRef,org.jabref.gui.util,DefaultTaskExecutor,200,26,16,0,54,9,23,3,15,3
JabRef,org.jabref.gui.util,OptionalValueTableCellFactory,40,0,4,0,12,0,7,0,5,0
JabRef,org.jabref.gui.util,ViewModelTextFieldTableCellVisualizationFactory.new TextFieldTableCell() {...},144,0,16,0,32,0,15,0,7,0
JabRef,org.jabref.gui.util,ControlHelper,152,89,19,13,38,17,23,9,12,2
JabRef,org.jabref.gui.util,FieldsUtil,61,0,8,0,12,0,7,0,3,0
JabRef,org.jabref.gui.util,RadioButtonCell,99,0,8,0,26,0,7,0,3,0
JabRef,org.jabref.gui.util,BaseDialog,96,0,8,0,26,0,11,0,7,0
JabRef,org.jabref.gui.util,CurrentThreadTaskExecutor.FailedFuture,21,0,0,0,8,0,6,0,6,0
JabRef,org.jabref.gui.util,DefaultFileUpdateMonitor,42,146,7,9,13,40,8,8,1,7
JabRef,org.jabref.gui.util,ViewModelTableRowFactory,360,0,46,0,86,0,54,0,31,0
JabRef,org.jabref.gui.util,FieldsUtil.new StringConverter() {...},13,0,2,0,5,0,4,0,3,0
JabRef,org.jabref.gui.util,ViewModelTextFieldTableCellVisualizationFactory,26,0,0,0,8,0,5,0,5,0
JabRef,org.jabref.gui.util,TextFlowLimited,134,0,6,0,31,0,10,0,7,0
JabRef,org.jabref.gui.util,CustomLocalDragboard,68,11,4,0,20,3,12,2,10,2
JabRef,org.jabref.gui.util,OptionalObjectProperty.new PreboundBinding() {...},0,14,0,0,0,2,0,2,0,2
JabRef,org.jabref.gui.util,OptionalObjectProperty.new PreboundBinding() {...},0,18,0,0,0,2,0,2,0,2
JabRef,org.jabref.gui.util,TooltipTextUtil.TextType,0,27,0,0,0,2,0,1,0,1
JabRef,org.jabref.gui.util,CurrentThreadTaskExecutor,46,33,3,3,13,11,7,4,5,3
JabRef,org.jabref.gui.util,FileFilterConverter,150,32,2,0,29,3,19,2,18,2
JabRef,org.jabref.gui.util,JabRefResourceLocator,13,0,0,0,4,0,3,0,3,0
JabRef,org.jabref.gui.util,BackgroundTask,81,162,1,3,20,43,17,22,16,21
JabRef,org.jabref.gui.util,ControlHelper.EllipsisPosition,0,21,0,0,0,1,0,1,0,1
JabRef,org.jabref.gui.util,DialogWindowState,27,0,0,0,10,0,5,0,5,0
JabRef,org.jabref.gui.util,NoSelectionModel,22,0,0,0,16,0,16,0,16,0
JabRef,org.jabref.gui.util,TooltipTextUtil.TextReplacement,0,12,0,0,0,5,0,1,0,1
JabRef,org.jabref.gui.util,OnlyIntegerFormatter.IntegerFilter,14,0,2,0,2,0,3,0,2,0
JabRef,org.jabref.gui.util,ColorUtil,0,99,0,0,0,11,0,4,0,4
JabRef,org.jabref.gui.util,ViewModelTreeCellFactory.new StringConverter() {...},30,0,6,0,4,0,6,0,3,0
JabRef,org.jabref.gui.util,BindingsHelper.BidirectionalBinding,27,21,2,0,9,8,4,3,3,3
JabRef,org.jabref.gui.util,FileNodeViewModel,183,0,8,0,31,0,14,0,10,0
JabRef,org.jabref.gui.util,BackgroundTask.BackgroundProgress,12,16,1,1,3,6,3,2,2,2
JabRef,org.jabref.gui.util,FileDialogConfiguration,13,24,0,0,5,8,4,3,4,3
JabRef,org.jabref.gui.util,RecursiveTreeItem,32,115,5,7,9,24,7,9,3,7
JabRef,org.jabref.gui.util,CustomTitledPaneSkin.StyleableProperties,28,0,0,0,6,0,1,0,1,0
JabRef,org.jabref.gui.util,DirectoryDialogConfiguration,10,0,0,0,4,0,2,0,2,0
JabRef,org.jabref.gui.util,BindingsHelper.new BooleanBinding() {...},9,0,0,0,2,0,2,0,2,0
JabRef,org.jabref.gui.util,BindingsHelper.new StringBinding() {...},5,0,0,0,2,0,2,0,2,0
JabRef,org.jabref.gui.util,BindingsHelper.new PreboundBinding() {...},18,0,0,0,2,0,2,0,2,0
JabRef,org.jabref.gui.util,BindingsHelper.new ObjectBinding() {...},9,0,0,0,2,0,2,0,2,0
JabRef,org.jabref.gui.util,BackgroundTask.new BackgroundTask() {...},0,10,0,0,0,2,0,2,0,2
JabRef,org.jabref.gui.util,BackgroundTask.new BackgroundTask() {...},0,28,0,0,0,5,0,2,0,2
JabRef,org.jabref.gui.util,BackgroundTask.new BackgroundTask() {...},0,11,0,0,0,3,0,2,0,2
JabRef,org.jabref.gui.util,ViewModelListCellFactory.new ListCell() {...},278,0,30,0,46,0,24,0,9,0
JabRef,org.jabref.gui.util,BackgroundTask.new BackgroundTask() {...},33,0,0,0,5,0,3,0,3,0
JabRef,org.jabref.gui.util,BackgroundTask.new BackgroundTask() {...},32,0,0,0,5,0,3,0,3,0
JabRef,org.jabref.gui.util,CustomTitledPaneSkin.ArrowSide,15,0,0,0,2,0,1,0,1,0
JabRef,org.jabref.gui.util,StreamGobbler,34,0,0,0,11,0,3,0,3,0
JabRef,org.jabref.gui.util,TextFlowLimited.new Transition() {...},21,0,0,0,5,0,2,0,2,0
JabRef,org.jabref.gui.util,IconValidationDecorator,84,0,6,0,18,0,10,0,7,0
JabRef,org.jabref.gui.util,ValueTableCellFactory,85,0,0,0,26,0,17,0,17,0
JabRef,org.jabref.gui.util,BindingsHelper.BidirectionalMapBinding,47,0,4,0,17,0,5,0,3,0
JabRef,org.jabref.gui.util,TooltipTextUtil,125,261,14,18,33,44,11,16,3,7
JabRef,org.jabref.gui.util,CustomTitledPaneSkin.StyleableProperties.new CssMetaData() {...},32,0,6,0,7,0,6,0,3,0
JabRef,org.jabref.gui.util,ViewModelListCellFactory,129,26,4,0,40,9,21,5,19,5
JabRef,org.jabref.gui.util,UiThreadList,52,0,2,0,19,0,9,0,8,0
JabRef,org.jabref.gui.util,BindingsHelper.BidirectionalListBinding,47,0,4,0,17,0,5,0,3,0
JabRef,org.jabref.gui.util,DroppingMouseLocation,0,21,0,0,0,4,0,1,0,1
JabRef,org.jabref.gui.util,ValueTableCellFactory.new TableCell() {...},210,0,34,0,43,0,21,0,4,0
JabRef,org.jabref.gui.util,CustomTitledPaneSkin,291,0,12,0,59,0,18,0,12,0
JabRef,org.jabref.gui.util,FileDialogConfiguration.Builder,54,85,0,10,15,23,8,12,8,7
JabRef,org.jabref.gui.util,ViewModelTreeTableCellFactory.new TreeTableCell() {...},81,0,14,0,17,0,9,0,2,0
JabRef,org.jabref.gui.util,OpenHyperlinksInExternalBrowser,62,0,4,0,20,0,6,0,4,0
JabRef,org.jabref.gui.util,BindingsHelper,199,41,2,0,40,9,24,3,23,3
JabRef,org.jabref.gui.util,DirectoryDialogConfiguration.Builder,41,0,4,0,11,0,6,0,4,0
JabRef,org.jabref.gui.util,ViewModelTreeTableCellFactory,51,0,0,0,15,0,10,0,10,0
JabRef,org.jabref.gui.util,OnlyIntegerFormatter,15,0,0,0,4,0,2,0,2,0
JabRef,org.jabref.gui.util,CustomTitledPaneSkin.new SimpleStyleableObjectProperty() {...},14,0,0,0,3,0,2,0,2,0
JabRef,org.jabref.gui.util,ZipFileChooser,165,0,2,0,34,0,8,0,7,0
JabRef,org.jabref.gui.util,ViewModelTreeCellFactory,61,0,2,0,19,0,11,0,10,0
JabRef,org.jabref.gui.util,OptionalObjectProperty,0,33,0,0,0,5,0,4,0,4
JabRef,org.jabref.logic.formatter.translator,Translator,100,0,6,0,20,0,6,0,3,0
JabRef,org.jabref.gui.edit,TranslateAbstractAction,31,0,0,0,12,0,4,0,4,0
JabRef,org.jabref.gui.edit,ManageKeywordsAction,39,0,0,0,8,0,2,0,2,0
JabRef,org.jabref.gui.edit,ReplaceStringViewModel,0,255,0,16,0,55,0,17,0,9
JabRef,org.jabref.gui.edit,ReplaceStringAction,25,0,0,0,7,0,2,0,2,0
JabRef,org.jabref.gui.edit,ManageKeywordsViewModel,180,89,19,5,38,22,15,6,5,4
JabRef,org.jabref.gui.edit,CopyDoiUrlAction,61,0,4,0,14,0,5,0,3,0
JabRef,org.jabref.gui.edit,MassSetFieldsAction,48,0,0,0,9,0,3,0,3,0
JabRef,org.jabref.gui.edit,ReplaceStringView,95,0,2,0,23,0,5,0,4,0
JabRef,org.jabref.gui.edit,ManageKeywordsDialog,156,0,4,0,34,0,16,0,14,0
JabRef,org.jabref.gui.edit,EditAction,130,0,18,0,31,0,17,0,5,0
JabRef,org.jabref.gui.edit,ManageKeywordsDisplayType,0,15,0,0,0,3,0,1,0,1
JabRef,org.jabref.gui.edit,MassSetFieldsDialog,609,0,36,0,111,0,26,0,8,0
JabRef,org.jabref.gui.edit,OpenBrowserAction,15,0,0,0,6,0,2,0,2,0
JabRef,org.jabref.gui.edit,CopyMoreAction,402,309,28,19,75,66,25,22,8,13
JabRef,org.jabref.model.study,StudyQuery,23,39,8,4,4,12,8,5,2,5
JabRef,org.jabref.model.study,FetchResult,0,15,0,0,0,6,0,3,0,3
JabRef,org.jabref.model.study,Study,91,190,48,26,15,44,39,16,2,16
JabRef,org.jabref.model.study,QueryResult,0,15,0,0,0,6,0,3,0,3
JabRef,org.jabref.model.study,StudyDatabase,40,57,11,5,7,18,10,7,2,7
JabRef,org.jabref.gui.preferences.keybindings,KeyBindingsTab,179,0,0,0,33,0,17,0,17,0
JabRef,org.jabref.gui.preferences.keybindings,KeyBindingViewModel,46,198,15,25,11,47,18,17,6,9
JabRef,org.jabref.gui.preferences.keybindings,KeyBindingsTabViewModel,137,109,9,7,30,25,13,7,8,4
JabRef,org.jabref.model.metadata,SaveOrderConfig.SortCriterion,26,52,5,5,4,15,7,4,2,4
JabRef,org.jabref.model.metadata,ContentSelector,19,50,5,5,3,13,6,5,1,5
JabRef,org.jabref.model.metadata,SaveOrderConfig.OrderType,13,35,4,0,6,8,3,3,1,3
JabRef,org.jabref.model.metadata,SaveOrderConfig,79,155,10,10,17,31,12,10,4,8
JabRef,org.jabref.model.metadata,MetaData,132,451,19,21,36,107,31,39,12,38
JabRef,org.jabref.model.metadata,ContentSelectors,45,103,10,8,13,24,9,9,2,7
JabRef,org.jabref.model.pdf,FileAnnotation,46,206,12,18,6,49,13,19,1,16
JabRef,org.jabref.model.pdf,FileAnnotationType,20,136,0,0,6,22,1,5,1,5
JabRef,org.jabref.logic.xmp,DublinCoreExtractor,52,697,16,70,13,178,15,73,1,39
JabRef,org.jabref.logic.xmp,XmpUtilWriter,102,312,16,22,29,79,11,20,0,12
JabRef,org.jabref.logic.xmp,XmpUtilShared,6,42,0,2,3,11,0,4,0,3
JabRef,org.jabref.logic.xmp,DocumentInformationExtractor,29,115,3,13,6,35,2,13,0,7
JabRef,org.jabref.logic.xmp,XmpPreferences,11,26,0,0,4,7,3,3,3,3
JabRef,org.jabref.logic.xmp,EncryptedPdfsNotSupportedException,3,0,0,0,1,0,1,0,1,0
JabRef,org.jabref.logic.xmp,XmpUtilReader,0,210,2,16,0,45,2,14,0,7
JabRef,org.jabref.gui.texparser,ParseLatexDialogView,208,0,0,0,41,0,9,0,9,0
JabRef,org.jabref.gui.texparser,ReferenceViewModel,64,0,0,0,11,0,5,0,5,0
JabRef,org.jabref.gui.texparser,ParseLatexAction,30,0,0,0,8,0,2,0,2,0
JabRef,org.jabref.gui.texparser,ParseLatexResultView,121,0,2,0,29,0,5,0,4,0
JabRef,org.jabref.gui.texparser,ParseLatexResultViewModel,131,0,4,0,24,0,10,0,8,0
JabRef,org.jabref.gui.texparser,CitationsDisplay,227,25,6,0,33,7,6,1,3,1
JabRef,org.jabref.gui.texparser,ParseLatexDialogViewModel,488,0,18,0,99,0,37,0,28,0
JabRef,org.jabref.logic.importer.fileformat.bibtexml,MonthTypeString,126,0,4,0,21,0,6,0,4,0
JabRef,org.jabref.logic.importer.fileformat.bibtexml,Mastersthesis,88,104,0,0,42,40,23,32,23,32
JabRef,org.jabref.logic.importer.fileformat.bibtexml,Book,108,112,0,0,52,42,28,35,28,35
JabRef,org.jabref.logic.importer.fileformat.bibtexml,Inproceedings,112,122,0,0,54,46,29,38,29,38
JabRef,org.jabref.logic.importer.fileformat.bibtexml,Unpublished,88,83,0,0,42,31,23,26,23,26
JabRef,org.jabref.logic.importer.fileformat.bibtexml,Entry,0,108,0,0,0,46,0,31,0,31
JabRef,org.jabref.logic.importer.fileformat.bibtexml,Phdthesis,88,104,0,0,42,40,23,32,23,32
JabRef,org.jabref.logic.importer.fileformat.bibtexml,Article,96,103,0,0,46,39,25,32,25,32
JabRef,org.jabref.logic.importer.fileformat.bibtexml,Misc,88,90,0,0,42,34,23,28,23,28
JabRef,org.jabref.logic.importer.fileformat.bibtexml,ObjectFactory,544,0,0,0,86,0,52,0,52,0
JabRef,org.jabref.logic.importer.fileformat.bibtexml,Conference,88,146,0,0,42,58,23,44,23,44
JabRef,org.jabref.logic.importer.fileformat.bibtexml,File,0,14,0,2,0,4,0,3,0,2
JabRef,org.jabref.logic.importer.fileformat.bibtexml,Techreport,88,111,0,0,42,43,23,34,23,34
JabRef,org.jabref.logic.importer.fileformat.bibtexml,Incollection,108,140,0,0,52,54,28,43,28,43
JabRef,org.jabref.logic.importer.fileformat.bibtexml,Inbook,0,14,0,2,0,4,0,3,0,2
JabRef,org.jabref.logic.importer.fileformat.bibtexml,Proceedings,104,109,0,0,50,41,27,34,27,34
JabRef,org.jabref.logic.importer.fileformat.bibtexml,Booklet,92,93,0,0,44,35,24,29,24,29
JabRef,org.jabref.logic.importer.fileformat.bibtexml,Manual,92,100,0,0,44,38,24,31,24,31
JabRef,org.jabref.gui.preferences.table,TableTabViewModel.new StringConverter() {...},13,0,2,0,5,0,4,0,3,0
JabRef,org.jabref.gui.preferences.table,TableTab,369,0,4,0,71,0,21,0,19,0
JabRef,org.jabref.gui.preferences.table,TableTabViewModel,757,0,45,0,154,0,69,0,44,0
JabRef,org.jabref.cli,ArgumentProcessor.Mode,15,0,0,0,2,0,1,0,1,0
JabRef,org.jabref.cli,JabRefCLI,259,480,6,0,44,114,33,10,30,10
JabRef,org.jabref.cli,CrossrefFetcherEvaluator,103,0,2,0,25,0,2,0,1,0
JabRef,org.jabref.cli,GenerateCharacterTable,120,0,4,0,35,0,3,0,1,0
JabRef,org.jabref.cli,AuxCommandLine,0,47,2,2,0,11,2,2,0,2
JabRef,org.jabref.cli,SystemOutputPrinter,17,0,0,0,7,0,4,0,4,0
JabRef,org.jabref.cli,CrossrefFetcherEvaluator.new Runnable() {...},107,0,8,0,23,0,6,0,2,0
JabRef,org.jabref.cli,ArgumentProcessor,1819,0,203,0,371,0,131,0,29,0
JabRef,org.jabref.model.strings,StringUtil,62,1205,49,221,4,256,39,140,1,43
JabRef,org.jabref.model.strings,LatexToUnicodeAdapter,3,51,0,2,1,12,1,4,1,3
JabRef,org.jabref.model.strings,UnicodeToReadableCharMap,0,1143,0,0,0,230,0,1,0,1
JabRef,org.jabref.gui.customentrytypes,CustomEntryTypeViewModel,4,0,0,0,2,0,1,0,1,0
JabRef,org.jabref.gui.customentrytypes,CustomizeEntryTypeDialogView,569,0,22,0,122,0,42,0,31,0
JabRef,org.jabref.gui.customentrytypes,CustomEntryTypeDialogViewModel.new StringConverter() {...},13,0,2,0,3,0,4,0,3,0
JabRef,org.jabref.gui.customentrytypes,CustomEntryTypeDialogViewModel,443,0,24,0,78,0,36,0,24,0
JabRef,org.jabref.gui.customentrytypes,FieldViewModel,62,0,2,0,17,0,10,0,9,0
JabRef,org.jabref.gui.customentrytypes,CustomizeEntryAction,41,0,0,0,9,0,3,0,3,0
JabRef,org.jabref.gui.customentrytypes,EntryTypeViewModel,105,0,8,0,20,0,13,0,9,0
JabRef,org.jabref.gui.customentrytypes,CustomEntryTypeDialogViewModel.FieldType,37,0,0,0,8,0,4,0,4,0
JabRef,org.jabref.gui.importer,NewDatabaseAction,26,0,0,0,8,0,2,0,2,0
JabRef,org.jabref.gui.importer,ImportEntriesViewModel,499,0,42,0,99,0,38,0,17,0
JabRef,org.jabref.gui.importer,ImportCustomEntryTypesDialogViewModel,93,0,10,0,22,0,11,0,6,0
JabRef,org.jabref.gui.importer,ImportAction,380,0,30,0,72,0,28,0,13,0
JabRef,org.jabref.gui.importer,GrobidOptInDialogHelper,42,0,4,0,12,0,5,0,3,0
JabRef,org.jabref.gui.importer,ImportEntriesDialog,505,0,16,0,90,0,23,0,15,0
JabRef,org.jabref.gui.importer,ImportCustomEntryTypesDialog.new CheckBoxListCell() {...},18,0,2,0,4,0,3,0,2,0
JabRef,org.jabref.gui.importer,GenerateEntryFromIdAction,151,0,4,0,34,0,8,0,6,0
JabRef,org.jabref.gui.importer,ImportCommand,111,0,4,0,27,0,6,0,4,0
JabRef,org.jabref.gui.importer,ParserResultWarningDialog,100,0,10,0,22,0,7,0,2,0
JabRef,org.jabref.gui.importer,NewEntryAction,56,60,3,3,10,17,4,5,2,4
JabRef,org.jabref.gui.importer,ImporterViewModel,49,0,0,0,13,0,5,0,5,0
JabRef,org.jabref.gui.importer,GenerateEntryFromIdDialog,76,0,2,0,21,0,5,0,4,0
JabRef,org.jabref.gui.importer,ImportCustomEntryTypesDialog,96,0,2,0,19,0,5,0,4,0
JabRef,org.jabref.gui.importer,GenerateEntryFromIdAction.new BackgroundTask() {...},43,0,2,0,7,0,3,0,2,0
JabRef,org.jabref.logic.help,HelpFile,0,273,0,0,0,42,0,3,0,3
JabRef,org.jabref.gui.search.rules.describer,SearchDescribers,60,0,6,0,7,0,4,0,1,0
JabRef,org.jabref.gui.search.rules.describer,GrammarBasedSearchRuleDescriber,75,0,2,0,13,0,3,0,2,0
JabRef,org.jabref.gui.search.rules.describer,GrammarBasedSearchRuleDescriber.DescriptionSearchBaseVisitor,298,0,20,0,42,0,17,0,7,0
JabRef,org.jabref.gui.search.rules.describer,ContainsAndRegexBasedSearchRuleDescriber,147,0,10,0,22,0,8,0,3,0
JabRef,org.jabref.logic.layout,TextBasedPreviewLayout,72,0,2,0,22,0,9,0,8,0
JabRef,org.jabref.logic.layout,Layout,24,202,6,22,5,48,7,15,1,6
JabRef,org.jabref.logic.layout,LayoutFormatterBasedFormatter,20,11,0,0,4,4,4,2,4,2
JabRef,org.jabref.logic.layout,LayoutHelper,140,487,41,103,37,124,37,47,2,10
JabRef,org.jabref.logic.layout,LayoutEntry,428,866,102,130,102,194,93,79,1,13
JabRef,org.jabref.logic.layout,StringInt,0,9,0,0,0,4,0,1,0,1
JabRef,org.jabref.logic.layout,LayoutFormatterPreferences,44,0,0,0,14,0,7,0,7,0
JabRef,org.jabref.logic.layout,AbstractParamLayoutFormatter,14,101,3,17,3,23,3,9,0,2
JabRef,org.jabref.gui.citationkeypattern,GenerateCitationKeySingleAction,62,0,6,0,14,0,6,0,3,0
JabRef,org.jabref.gui.citationkeypattern,GenerateCitationKeyAction.new BackgroundTask() {...},178,0,6,0,30,0,10,0,7,0
JabRef,org.jabref.gui.citationkeypattern,GenerateCitationKeyAction,205,0,16,0,42,0,15,0,7,0
JabRef,org.jabref.model.search.rules,SentenceAnalyzer,0,102,0,22,0,24,0,13,0,2
JabRef,org.jabref.model.search.rules,FullTextSearchRule,53,32,5,1,13,9,5,3,2,3
JabRef,org.jabref.model.search.rules,GrammarBasedSearchRule,45,122,4,4,11,29,8,7,5,6
JabRef,org.jabref.model.search.rules,GrammarBasedSearchRule.Comparator,9,164,4,26,1,28,4,16,0,5
JabRef,org.jabref.model.search.rules,ContainsBasedSearchRule,2,82,1,13,0,21,1,9,0,3
JabRef,org.jabref.model.search.rules,SearchRules,0,45,0,6,0,11,0,7,0,4
JabRef,org.jabref.model.search.rules,GrammarBasedSearchRule.ComparisonOperator,0,43,2,6,0,7,2,4,0,2
JabRef,org.jabref.model.search.rules,GrammarBasedSearchRule.ThrowingErrorListener,8,8,0,0,1,2,1,2,1,2
JabRef,org.jabref.model.search.rules,RegexBasedSearchRule,27,64,4,8,8,14,4,6,1,3
JabRef,org.jabref.model.search.rules,SearchRules.SearchFlags,0,27,0,0,0,2,0,1,0,1
JabRef,org.jabref.model.search.rules,GrammarBasedSearchRule.BibtexSearchVisitor,1,137,3,15,0,18,3,13,0,7
JabRef,org.jabref.model.database.event,EntriesAddedEvent,0,19,0,0,0,7,0,3,0,3
JabRef,org.jabref.model.database.event,BibDatabaseContextChangedEvent,7,10,0,0,3,5,2,2,2,2
JabRef,org.jabref.model.database.event,AutosaveEvent,0,3,0,0,0,1,0,1,0,1
JabRef,org.jabref.model.database.event,ChangePropagation,0,15,0,0,0,2,0,1,0,1
JabRef,org.jabref.model.database.event,EntriesRemovedEvent,4,5,0,0,2,2,1,1,1,1
JabRef,org.jabref.gui.slr,ManageStudyDefinitionView,482,0,8,0,101,0,33,0,29,0
JabRef,org.jabref.gui.slr,ManageStudyDefinitionViewModel,362,0,22,0,87,0,38,0,27,0
JabRef,org.jabref.gui.slr,StartNewStudyAction,58,0,4,0,13,0,5,0,3,0
JabRef,org.jabref.gui.slr,SlrStudyAndDirectory,15,0,0,0,6,0,3,0,3,0
JabRef,org.jabref.gui.slr,StudyDatabaseItem,103,0,16,0,23,0,17,0,9,0
JabRef,org.jabref.gui.slr,ExistingStudySearchAction,217,0,4,0,55,0,11,0,9,0
JabRef,org.jabref.search,SearchBaseVisitor,24,7,0,0,6,2,6,2,6,2
JabRef,org.jabref.search,SearchParser.UnaryExpressionContext,9,20,1,1,2,3,2,3,1,3
JabRef,org.jabref.search,SearchParser.StartContext,11,19,1,1,3,4,3,3,2,3
JabRef,org.jabref.search,SearchParser.ComparisonContext,41,13,1,1,9,3,9,2,8,2
JabRef,org.jabref.search,SearchParser.AtomExpressionContext,10,14,1,1,2,2,2,2,1,2
JabRef,org.jabref.search,SearchParser.NameContext,24,5,2,0,5,2,5,1,4,1
JabRef,org.jabref.search,SearchParser.ParenExpressionContext,14,20,1,1,3,3,3,3,2,3
JabRef,org.jabref.search,SearchParser.BinaryExpressionContext,24,14,1,1,5,2,5,2,4,2
JabRef,org.jabref.search,SearchParser,136,706,18,29,33,137,25,19,9,9
JabRef,org.jabref.search,SearchLexer,16,301,0,8,8,27,8,9,8,5
JabRef,org.jabref.search,SearchParser.ExpressionContext,2,12,0,0,1,5,1,3,1,3
JabRef,org.jabref.gui.integrity,IntegrityCheckDialogViewModel,10,0,0,0,4,0,2,0,2,0
JabRef,org.jabref.gui.integrity,IntegrityCheckAction.new Task() {...},60,0,4,0,11,0,4,0,2,0
JabRef,org.jabref.gui.integrity,IntegrityCheckAction,116,0,2,0,25,0,6,0,5,0
JabRef,org.jabref.gui.integrity,IntegrityCheckDialog,290,0,22,0,67,0,27,0,16,0
JabRef,org.jabref.logic.externalfiles,LinkedFileHandler,87,223,8,18,18,46,8,15,2,8
JabRef,org.jabref.logic.externalfiles,ExternalFilesContentImporter,32,0,0,0,9,0,3,0,3,0
JabRef,org.jabref.gui.preferences.network,CustomCertificateViewModel,169,0,4,0,44,0,20,0,18,0
JabRef,org.jabref.gui.preferences.network,NetworkTabViewModel,907,0,32,0,190,0,57,0,41,0
JabRef,org.jabref.gui.preferences.network,NetworkTab,488,0,2,0,77,0,23,0,22,0
JabRef,org.jabref.logic.net.ssl,SSLPreferences,16,0,0,0,5,0,3,0,3,0
JabRef,org.jabref.logic.net.ssl,TrustStoreManager,223,0,2,0,67,0,14,0,13,0
JabRef,org.jabref.logic.net.ssl,SSLCertificate,120,0,0,0,36,0,11,0,11,0
JabRef,org.jabref.gui.undo,CountingUndoManager,128,8,10,0,30,2,14,1,9,1
JabRef,org.jabref.gui.undo,AbstractUndoableJabRefEdit,16,3,0,0,2,1,2,1,2,1
JabRef,org.jabref.gui.undo,UndoableChangeType,77,0,0,0,17,0,5,0,5,0
JabRef,org.jabref.gui.undo,UndoableInsertString,48,0,0,0,15,0,5,0,5,0
JabRef,org.jabref.gui.undo,NamedCompound,49,13,2,0,8,5,5,2,4,2
JabRef,org.jabref.gui.undo,UndoableFieldChange,110,19,4,0,22,7,6,2,4,2
JabRef,org.jabref.gui.undo,UndoableStringChange,86,0,6,0,20,0,7,0,4,0
JabRef,org.jabref.gui.undo,UndoableKeyChange,64,0,0,0,16,0,5,0,5,0
JabRef,org.jabref.gui.undo,UndoableInsertEntries,129,0,10,0,32,0,12,0,7,0
JabRef,org.jabref.gui.undo,UndoableRemoveString,48,0,0,0,15,0,5,0,5,0
JabRef,org.jabref.gui.undo,UndoRedoAction,92,0,4,0,26,0,5,0,3,0
JabRef,org.jabref.gui.undo,UndoableRemoveEntries,130,0,10,0,32,0,12,0,7,0
JabRef,org.jabref.gui.undo,UndoablePreambleChange,33,0,0,0,12,0,4,0,4,0
JabRef,org.jabref.logic.importer.fileformat.endnote,Availability,10,0,0,0,4,0,3,0,3,0
JabRef,org.jabref.logic.importer.fileformat.endnote,Misc1,10,0,0,0,4,0,3,0,3,0
JabRef,org.jabref.logic.importer.fileformat.endnote,Periodical,28,3,0,0,12,1,8,1,8,1
JabRef,org.jabref.logic.importer.fileformat.endnote,Keywords,5,9,1,1,1,3,1,2,0,2
JabRef,org.jabref.logic.importer.fileformat.endnote,Issue,10,0,0,0,4,0,3,0,3,0
JabRef,org.jabref.logic.importer.fileformat.endnote,Misc3,10,0,0,0,4,0,3,0,3,0
JabRef,org.jabref.logic.importer.fileformat.endnote,Misc2,10,0,0,0,4,0,3,0,3,0
JabRef,org.jabref.logic.importer.fileformat.endnote,Record,396,48,0,0,174,16,111,16,111,16
JabRef,org.jabref.logic.importer.fileformat.endnote,TextUrls,14,0,2,0,4,0,3,0,2,0
JabRef,org.jabref.logic.importer.fileformat.endnote,SecondaryAuthors,14,0,2,0,4,0,3,0,2,0
JabRef,org.jabref.logic.importer.fileformat.endnote,ReproRatio,10,0,0,0,4,0,3,0,3,0
JabRef,org.jabref.logic.importer.fileformat.endnote,ReviewedItem,10,0,0,0,4,0,3,0,3,0
JabRef,org.jabref.logic.importer.fileformat.endnote,ModifiedDate,10,0,0,0,4,0,3,0,3,0
JabRef,org.jabref.logic.importer.fileformat.endnote,ImageUrls,14,0,2,0,4,0,3,0,2,0
JabRef,org.jabref.logic.importer.fileformat.endnote,Image,24,0,0,0,10,0,7,0,7,0
JabRef,org.jabref.logic.importer.fileformat.endnote,SecondaryVolume,10,0,0,0,4,0,3,0,3,0
JabRef,org.jabref.logic.importer.fileformat.endnote,FullTitle,7,3,0,0,3,1,2,1,2,1
JabRef,org.jabref.logic.importer.fileformat.endnote,Size,10,0,0,0,4,0,3,0,3,0
JabRef,org.jabref.logic.importer.fileformat.endnote,OrigPub,10,0,0,0,4,0,3,0,3,0
JabRef,org.jabref.logic.importer.fileformat.endnote,WorkLocation,10,0,0,0,4,0,3,0,3,0
JabRef,org.jabref.logic.importer.fileformat.endnote,ShortTitle,10,0,0,0,4,0,3,0,3,0
JabRef,org.jabref.logic.importer.fileformat.endnote,MeetingPlace,10,0,0,0,4,0,3,0,3,0
JabRef,org.jabref.logic.importer.fileformat.endnote,Date,35,3,0,0,15,1,10,1,10,1
JabRef,org.jabref.logic.importer.fileformat.endnote,Dates,18,6,0,0,8,2,5,2,5,2
JabRef,org.jabref.logic.importer.fileformat.endnote,RemoteDatabaseProvider,10,0,0,0,4,0,3,0,3,0
JabRef,org.jabref.logic.importer.fileformat.endnote,ReprintEdition,10,0,0,0,4,0,3,0,3,0
JabRef,org.jabref.logic.importer.fileformat.endnote,PdfUrls,0,14,0,2,0,4,0,3,0,2
JabRef,org.jabref.logic.importer.fileformat.endnote,AltTitle,7,3,0,0,3,1,2,1,2,1
JabRef,org.jabref.logic.importer.fileformat.endnote,Xml,4,6,0,0,2,2,1,2,1,2
JabRef,org.jabref.logic.importer.fileformat.endnote,CallNum,10,0,0,0,4,0,3,0,3,0
JabRef,org.jabref.logic.importer.fileformat.endnote,ObjectFactory,390,0,0,0,97,0,96,0,96,0
JabRef,org.jabref.logic.importer.fileformat.endnote,TranslatedTitle,10,0,0,0,4,0,3,0,3,0
JabRef,org.jabref.logic.importer.fileformat.endnote,PubLocation,10,0,0,0,4,0,3,0,3,0
JabRef,org.jabref.logic.importer.fileformat.endnote,Language,7,3,0,0,3,1,2,1,2,1
JabRef,org.jabref.logic.importer.fileformat.endnote,Number,4,6,0,0,2,2,1,2,1,2
JabRef,org.jabref.logic.importer.fileformat.endnote,Urls,29,9,0,0,13,3,8,3,8,3
JabRef,org.jabref.logic.importer.fileformat.endnote,Section,10,0,0,0,4,0,3,0,3,0
JabRef,org.jabref.logic.importer.fileformat.endnote,ReportId,10,0,0,0,4,0,3,0,3,0
JabRef,org.jabref.logic.importer.fileformat.endnote,PubDates,11,3,2,0,3,1,2,1,1,1
JabRef,org.jabref.logic.importer.fileformat.endnote,ElectronicResourceNum,4,6,0,0,2,2,1,2,1,2
JabRef,org.jabref.logic.importer.fileformat.endnote,AuthAddress,7,3,0,0,3,1,2,1,2,1
JabRef,org.jabref.logic.importer.fileformat.endnote,Author,67,6,0,0,29,2,19,2,19,2
JabRef,org.jabref.logic.importer.fileformat.endnote,SourceApp,21,3,0,0,9,1,6,1,6,1
JabRef,org.jabref.logic.importer.fileformat.endnote,Abbr2,10,0,0,0,4,0,3,0,3,0
JabRef,org.jabref.logic.importer.fileformat.endnote,Abbr1,7,3,0,0,3,1,2,1,2,1
JabRef,org.jabref.logic.importer.fileformat.endnote,Abbr3,10,0,0,0,4,0,3,0,3,0
JabRef,org.jabref.logic.importer.fileformat.endnote,AuthAffiliaton,10,0,0,0,4,0,3,0,3,0
JabRef,org.jabref.logic.importer.fileformat.endnote,WebUrls,14,0,2,0,4,0,3,0,2,0
JabRef,org.jabref.logic.importer.fileformat.endnote,ResearchNotes,10,0,0,0,4,0,3,0,3,0
JabRef,org.jabref.logic.importer.fileformat.endnote,SubsidiaryAuthors,14,0,2,0,4,0,3,0,2,0
JabRef,org.jabref.logic.importer.fileformat.endnote,Title,5,9,1,1,1,3,1,2,0,2
JabRef,org.jabref.logic.importer.fileformat.endnote,AccessionNum,7,3,0,0,3,1,2,1,2,1
JabRef,org.jabref.logic.importer.fileformat.endnote,Edition,10,0,0,0,4,0,3,0,3,0
JabRef,org.jabref.logic.importer.fileformat.endnote,Custom7,10,0,0,0,4,0,3,0,3,0
JabRef,org.jabref.logic.importer.fileformat.endnote,Custom2,10,0,0,0,4,0,3,0,3,0
JabRef,org.jabref.logic.importer.fileformat.endnote,Custom1,10,0,0,0,4,0,3,0,3,0
JabRef,org.jabref.logic.importer.fileformat.endnote,Custom4,10,0,0,0,4,0,3,0,3,0
JabRef,org.jabref.logic.importer.fileformat.endnote,Custom3,10,0,0,0,4,0,3,0,3,0
JabRef,org.jabref.logic.importer.fileformat.endnote,Custom6,10,0,0,0,4,0,3,0,3,0
JabRef,org.jabref.logic.importer.fileformat.endnote,Custom5,10,0,0,0,4,0,3,0,3,0
JabRef,org.jabref.logic.importer.fileformat.endnote,PackMethod,10,0,0,0,4,0,3,0,3,0
JabRef,org.jabref.logic.importer.fileformat.endnote,Abstract,4,6,0,0,2,2,1,2,1,2
JabRef,org.jabref.logic.importer.fileformat.endnote,Coden,10,0,0,0,4,0,3,0,3,0
JabRef,org.jabref.logic.importer.fileformat.endnote,RemoteDatabaseName,10,0,0,0,4,0,3,0,3,0
JabRef,org.jabref.logic.importer.fileformat.endnote,NumVols,10,0,0,0,4,0,3,0,3,0
JabRef,org.jabref.logic.importer.fileformat.endnote,TertiaryAuthors,14,0,2,0,4,0,3,0,2,0
JabRef,org.jabref.logic.importer.fileformat.endnote,TranslatedAuthors,14,0,2,0,4,0,3,0,2,0
JabRef,org.jabref.logic.importer.fileformat.endnote,Database,21,3,0,0,9,1,6,1,6,1
JabRef,org.jabref.logic.importer.fileformat.endnote,Publisher,4,6,0,0,2,2,1,2,1,2
JabRef,org.jabref.logic.importer.fileformat.endnote,WorkType,10,0,0,0,4,0,3,0,3,0
JabRef,org.jabref.logic.importer.fileformat.endnote,Caption,10,0,0,0,4,0,3,0,3,0
JabRef,org.jabref.logic.importer.fileformat.endnote,Year,32,6,0,0,14,2,9,2,9,2
JabRef,org.jabref.logic.importer.fileformat.endnote,SecondaryIssue,10,0,0,0,4,0,3,0,3,0
JabRef,org.jabref.logic.importer.fileformat.endnote,Pages,18,6,0,0,8,2,5,2,5,2
JabRef,org.jabref.logic.importer.fileformat.endnote,RefType,11,6,0,0,5,2,3,2,3,2
JabRef,org.jabref.logic.importer.fileformat.endnote,Isbn,4,6,0,0,2,2,1,2,1,2
JabRef,org.jabref.logic.importer.fileformat.endnote,Notes,4,6,0,0,2,2,1,2,1,2
JabRef,org.jabref.logic.importer.fileformat.endnote,Authors,5,9,1,1,1,3,1,2,0,2
JabRef,org.jabref.logic.importer.fileformat.endnote,Label,4,6,0,0,2,2,1,2,1,2
JabRef,org.jabref.logic.importer.fileformat.endnote,TertiaryTitle,10,0,0,0,4,0,3,0,3,0
JabRef,org.jabref.logic.importer.fileformat.endnote,Volume,4,6,0,0,2,2,1,2,1,2
JabRef,org.jabref.logic.importer.fileformat.endnote,ReprintStatus,17,0,0,0,7,0,5,0,5,0
JabRef,org.jabref.logic.importer.fileformat.endnote,RelatedUrls,5,9,1,1,1,3,1,2,0,2
JabRef,org.jabref.logic.importer.fileformat.endnote,Style,42,6,4,0,18,2,11,2,9,2
JabRef,org.jabref.logic.importer.fileformat.endnote,RemoteSource,10,0,0,0,4,0,3,0,3,0
JabRef,org.jabref.logic.importer.fileformat.endnote,Url,33,9,1,1,13,3,9,2,8,2
JabRef,org.jabref.logic.importer.fileformat.endnote,AccessDate,10,0,0,0,4,0,3,0,3,0
JabRef,org.jabref.logic.importer.fileformat.endnote,Contributors,32,6,0,0,14,2,9,2,9,2
JabRef,org.jabref.logic.importer.fileformat.endnote,CopyrightDates,14,0,2,0,4,0,3,0,2,0
JabRef,org.jabref.logic.importer.fileformat.endnote,Records,5,9,1,1,1,3,1,2,0,2
JabRef,org.jabref.logic.importer.fileformat.endnote,Titles,36,9,0,0,16,3,10,3,10,3
JabRef,org.jabref.logic.importer.fileformat.endnote,SecondaryTitle,4,6,0,0,2,2,1,2,1,2
JabRef,org.jabref.logic.importer.fileformat.endnote,Keyword,4,6,0,0,2,2,1,2,1,2
JabRef,org.jabref.logic.importer.fileformat.endnote,WorkExtent,10,0,0,0,4,0,3,0,3,0
JabRef,org.jabref.gui.autocompleter,SuggestionProvider,24,43,0,2,7,12,1,4,1,3
JabRef,org.jabref.gui.autocompleter,PersonNameSuggestionProvider,0,65,0,0,0,19,0,9,0,9
JabRef,org.jabref.gui.autocompleter,ReplaceStrategy,9,0,0,0,2,0,2,0,2,0
JabRef,org.jabref.gui.autocompleter,ContentSelectorSuggestionProvider,20,17,2,0,5,5,2,2,1,2
JabRef,org.jabref.gui.autocompleter,WordSuggestionProvider,0,25,0,0,0,7,0,3,0,3
JabRef,org.jabref.gui.autocompleter,AutoCompleteFirstNameMode,6,21,0,0,3,4,1,1,1,1
JabRef,org.jabref.gui.autocompleter,AppendWordsStrategy,43,3,2,0,8,1,4,1,3,1
JabRef,org.jabref.gui.autocompleter,EmptySuggestionProvider,4,11,0,0,1,4,2,4,2,4
JabRef,org.jabref.gui.autocompleter,StringSuggestionProvider,0,16,0,0,0,4,0,5,0,5
JabRef,org.jabref.gui.autocompleter,SuggestionProviders,0,86,1,13,0,19,1,9,0,3
JabRef,org.jabref.gui.autocompleter,BibEntrySuggestionProvider,0,41,0,0,0,10,0,6,0,6
JabRef,org.jabref.gui.autocompleter,AutoCompletionTextInputBinding,179,0,10,0,48,0,21,0,16,0
JabRef,org.jabref.gui.autocompleter,JournalsSuggestionProvider,16,8,0,0,1,3,1,1,1,1
JabRef,org.jabref.gui.autocompleter,AutoCompletionTextInputBinding.new StringConverter() {...},12,0,2,0,3,0,4,0,3,0
JabRef,org.jabref.gui.autocompleter,AutoCompletePreferences,32,38,0,0,11,9,8,4,8,4
JabRef,org.jabref.gui.autocompleter,PersonNameStringConverter,5,90,2,13,1,28,3,11,1,3
JabRef,org.jabref.gui.autocompleter,FieldValueSuggestionProvider,0,25,0,0,0,5,0,3,0,3
JabRef,org.jabref.gui.autocompleter,AutoCompletePreferences.NameFormat,0,21,0,0,0,2,0,1,0,1
JabRef,org.jabref.gui.autocompleter,AppendPersonNamesStrategy,0,17,0,2,0,8,0,4,0,3
JabRef,org.jabref.gui.autocompleter,AutoCompletionInput,15,0,0,0,6,0,3,0,3,0
JabRef,org.jabref.logic.remote.client,RemoteClient,21,97,4,4,4,23,4,5,0,5
JabRef,org.jabref.logic.groups,DefaultGroupsFactory,0,16,0,0,0,4,0,2,0,2
JabRef,org.jabref.gui.preferences.external,ExternalTabViewModel,449,0,12,0,93,0,30,0,24,0
JabRef,org.jabref.gui.preferences.external,ExternalTab,191,0,0,0,38,0,7,0,7,0
JabRef,org.jabref.gui.importer.actions,CheckForNewEntryTypesAction,59,0,2,0,12,0,7,0,6,0
JabRef,org.jabref.gui.importer.actions,OpenDatabaseAction,369,0,30,0,88,0,28,0,13,0
JabRef,org.jabref.gui.importer.actions,MergeReviewIntoCommentAction,32,0,4,0,8,0,5,0,3,0
JabRef,org.jabref.gui.importer.actions,MergeReviewIntoCommentConfirmationDialog,47,0,0,0,16,0,2,0,2,0
JabRef,org.jabref.gui.externalfiletype,EditExternalFileTypeViewModel,168,0,10,0,36,0,14,0,9,0
JabRef,org.jabref.gui.externalfiletype,UnknownExternalFileType,12,14,0,0,5,6,5,2,5,2
JabRef,org.jabref.gui.externalfiletype,StandardExternalFileType,8,345,0,0,3,34,3,4,3,4
JabRef,org.jabref.gui.externalfiletype,EditExternalFileTypeEntryDialog,126,0,2,0,26,0,6,0,5,0
JabRef,org.jabref.gui.externalfiletype,ExternalFileTypes,513,3,66,0,110,1,49,1,16,1
JabRef,org.jabref.gui.externalfiletype,CustomExternalFileType,272,0,32,0,63,0,35,0,19,0
JabRef,org.jabref.gui.externalfiletype,ExternalFileType,4,0,0,0,1,0,1,0,1,0
JabRef,org.jabref.logic.exporter,XmpExporter,6,87,1,7,1,20,1,6,0,3
JabRef,org.jabref.logic.exporter,OpenDocumentSpreadsheetCreator,212,23,9,1,58,7,10,3,5,3
JabRef,org.jabref.logic.exporter,XmpPdfExporter,0,37,0,2,0,9,0,3,0,2
[...]
JabRef,org.jabref.gui.maintable,OpenExternalFileAction,157,0,12,0,38,0,10,0,4,0
JabRef,org.jabref.gui.maintable,MainTableColumnFactory,432,0,18,0,101,0,31,0,19,0
JabRef,org.jabref.gui.maintable,MainTableNameFormatPreferences.AbbreviationStyle,21,0,0,0,2,0,1,0,1,0
JabRef,org.jabref.gui.maintable,CellFactory,206,0,4,0,45,0,4,0,2,0
JabRef,org.jabref.gui.maintable,MainTableDataModel,188,0,12,0,35,0,18,0,12,0
JabRef,org.jabref.gui.maintable,MainTableNameFormatPreferences.DisplayStyle,27,0,0,0,2,0,1,0,1,0
JabRef,org.jabref.gui.maintable,MainTableColumnModel,90,162,16,10,16,37,15,14,6,10
JabRef,org.jabref.gui.maintable,SearchShortScienceAction,74,0,2,0,20,0,5,0,4,0
JabRef,org.jabref.gui.maintable,ColumnPreferences,15,0,0,0,6,0,3,0,3,0
JabRef,org.jabref.gui.maintable,SmartConstrainedResizePolicy,239,0,10,0,48,0,13,0,8,0
JabRef,org.jabref.gui.maintable,MainTableNameFormatPreferences,15,0,0,0,6,0,3,0,3,0
JabRef,org.jabref.gui.maintable,MainTable,744,0,46,0,200,0,64,0,37,0
JabRef,org.jabref.gui.maintable,RightClickMenu,493,0,2,0,43,0,4,0,3,0
JabRef,org.jabref.gui.maintable,BibEntryTableViewModel,252,0,4,0,50,0,23,0,21,0
JabRef,org.jabref.gui.maintable,MainTableFieldValueFormatter,129,0,26,0,27,0,17,0,3,0
JabRef,org.jabref.gui.specialfields,SpecialFieldAction,272,0,32,0,46,0,21,0,5,0
JabRef,org.jabref.gui.specialfields,SpecialFieldValueViewModel,140,12,34,0,36,5,36,2,4,2
JabRef,org.jabref.gui.specialfields,SpecialFieldMenuItemFactory,115,0,2,0,17,0,6,0,5,0
JabRef,org.jabref.gui.specialfields,SpecialFieldViewModel,134,0,9,0,28,0,18,0,11,0
JabRef,org.jabref.gui.specialfields,SpecialFieldsPreferences,22,0,0,0,7,0,4,0,4,0
JabRef,org.jabref.gui.copyfiles,CopyFilesTask,319,0,14,0,64,0,14,0,7,0
JabRef,org.jabref.gui.copyfiles,CopyFilesDialogView,115,0,4,0,23,0,12,0,10,0
JabRef,org.jabref.gui.copyfiles,CopySingleFileAction,172,0,12,0,28,0,11,0,5,0
JabRef,org.jabref.gui.copyfiles,CopyFilesDialogViewModel,18,0,0,0,6,0,2,0,2,0
JabRef,org.jabref.gui.copyfiles,CopyFilesResultItemViewModel,55,0,2,0,13,0,6,0,5,0
JabRef,org.jabref.gui.copyfiles,CopyFilesAction,122,0,2,0,26,0,7,0,6,0
JabRef,org.jabref.gui.copyfiles,CopyFilesResultListDependency,26,0,0,0,8,0,4,0,4,0
JabRef,org.jabref.logic.auxparser,DefaultAuxParser,11,311,3,29,3,79,3,23,0,10
JabRef,org.jabref.logic.auxparser,AuxParserResult,0,93,0,2,0,25,0,15,0,14
JabRef,org.jabref.gui.fieldeditors,CitationKeyEditor,70,0,0,0,17,0,4,0,4,0
JabRef,org.jabref.gui.fieldeditors,IdentifierEditorViewModel,165,74,6,0,33,16,20,4,17,4
JabRef,org.jabref.gui.fieldeditors,YesNoEditorViewModel,27,0,0,0,7,0,3,0,3,0
JabRef,org.jabref.gui.fieldeditors,PersonsEditorViewModel,23,0,0,0,6,0,4,0,4,0
JabRef,org.jabref.gui.fieldeditors,EditorValidator,25,0,2,0,8,0,3,0,2,0
JabRef,org.jabref.gui.fieldeditors,TypeEditorViewModel,87,0,0,0,13,0,3,0,3,0
JabRef,org.jabref.gui.fieldeditors,LinkedFileViewModel,809,523,48,24,164,105,65,23,36,16
JabRef,org.jabref.gui.fieldeditors,LinkedFilesEditorViewModel,436,28,14,0,93,6,30,1,23,1
JabRef,org.jabref.gui.fieldeditors,PaginationEditorViewModel,78,0,0,0,12,0,3,0,3,0
JabRef,org.jabref.gui.fieldeditors,JournalEditor,67,0,0,0,16,0,5,0,5,0
JabRef,org.jabref.gui.fieldeditors,UrlEditor,78,0,0,0,17,0,6,0,6,0
JabRef,org.jabref.gui.fieldeditors,DateEditor,42,0,0,0,12,0,4,0,4,0
JabRef,org.jabref.gui.fieldeditors,DateEditorViewModel,14,0,0,0,4,0,2,0,2,0
JabRef,org.jabref.gui.fieldeditors,MapBasedEditorViewModel.new StringConverter() {...},34,0,4,0,7,0,5,0,3,0
JabRef,org.jabref.gui.fieldeditors,URLUtil,107,69,18,10,22,16,10,7,1,2
JabRef,org.jabref.gui.fieldeditors,CitationKeyEditorViewModel,32,0,0,0,7,0,2,0,2,0
JabRef,org.jabref.gui.fieldeditors,AbstractAreaEditor,61,0,0,0,14,0,4,0,4,0
JabRef,org.jabref.gui.fieldeditors,PersonsEditor,89,0,2,0,15,0,5,0,4,0
JabRef,org.jabref.gui.fieldeditors,MonthEditorViewModel,20,0,0,0,6,0,4,0,4,0
JabRef,org.jabref.gui.fieldeditors,AbstractEditorViewModel,105,28,5,1,19,7,10,1,7,1
JabRef,org.jabref.gui.fieldeditors,OptionEditor,79,0,0,0,19,0,5,0,5,0
JabRef,org.jabref.gui.fieldeditors,LinkedFilesEditor.ContextAction,244,0,32,0,36,0,28,0,6,0
JabRef,org.jabref.gui.fieldeditors,JournalEditorViewModel,42,0,6,0,11,0,5,0,2,0
JabRef,org.jabref.gui.fieldeditors,SimpleEditor,99,0,6,0,20,0,8,0,5,0
JabRef,org.jabref.gui.fieldeditors,LinkedEntriesEditorViewModel,37,0,0,0,9,0,5,0,5,0
JabRef,org.jabref.gui.fieldeditors,UrlEditorViewModel,62,0,6,0,15,0,8,0,5,0
JabRef,org.jabref.gui.fieldeditors,KeywordsEditor,9,0,0,0,3,0,2,0,2,0
JabRef,org.jabref.gui.fieldeditors,IdentifierEditor,127,0,2,0,26,0,10,0,9,0
JabRef,org.jabref.gui.fieldeditors,OptionEditorViewModel,6,0,0,0,2,0,1,0,1,0
JabRef,org.jabref.gui.fieldeditors,MapBasedEditorViewModel,39,0,0,0,9,0,5,0,5,0
JabRef,org.jabref.gui.fieldeditors,FieldNameLabel,588,0,103,0,123,0,98,0,2,0
JabRef,org.jabref.gui.fieldeditors,MonthEditorViewModel.new StringConverter() {...},33,0,6,0,9,0,6,0,3,0
JabRef,org.jabref.gui.fieldeditors,EditorTypeEditorViewModel,78,0,0,0,12,0,3,0,3,0
JabRef,org.jabref.gui.fieldeditors,LinkedEntriesEditor,93,0,0,0,21,0,6,0,6,0
JabRef,org.jabref.gui.fieldeditors,TextInputControlBehavior,409,0,36,0,81,0,21,0,3,0
JabRef,org.jabref.gui.fieldeditors,DateEditorViewModel.new StringConverter() {...},36,0,4,0,9,0,5,0,3,0
JabRef,org.jabref.gui.fieldeditors,EditorTextArea,44,21,0,0,14,8,6,2,6,2
JabRef,org.jabref.gui.fieldeditors,LinkedFilesEditor,756,0,22,0,138,0,32,0,21,0
JabRef,org.jabref.gui.fieldeditors,FieldEditorFX,17,0,0,0,8,0,3,0,3,0
JabRef,org.jabref.gui.fieldeditors,FieldEditors,345,0,46,0,57,0,27,0,4,0
JabRef,org.jabref.gui.fieldeditors,WriteMetadataToPdfCommand,154,0,2,0,29,0,6,0,5,0
JabRef,org.jabref.gui.fieldeditors,EditorTextField,30,21,0,0,7,8,3,2,3,2
JabRef,org.jabref.gui.fieldeditors,OwnerEditorViewModel,17,0,0,0,5,0,2,0,2,0
JabRef,org.jabref.gui.fieldeditors,OwnerEditor,56,0,0,0,15,0,5,0,5,0
JabRef,org.jabref.gui.fieldeditors,SimpleEditorViewModel,10,0,0,0,3,0,2,0,2,0
JabRef,org.jabref.gui.fieldeditors,LinkedEntriesEditorViewModel.new StringConverter() {...},22,0,2,0,5,0,4,0,3,0
JabRef,org.jabref.gui.fieldeditors,PatentTypeEditorViewModel,123,0,0,0,17,0,3,0,3,0
JabRef,org.jabref.gui.fieldeditors,GenderEditorViewModel,78,0,0,0,12,0,3,0,3,0
JabRef,org.jabref.gui.util.comparator,SpecialFieldComparator,0,28,0,6,0,8,0,5,0,2
JabRef,org.jabref.gui.util.comparator,RankingFieldComparator,0,36,0,8,0,11,0,6,0,2
JabRef,org.jabref.gui.util.comparator,NumericFieldComparator,3,95,1,31,2,26,1,19,0,4
JabRef,org.jabref.gui.preferences.appearance,AppearanceTab,157,0,2,0,31,0,7,0,6,0
JabRef,org.jabref.gui.preferences.appearance,AppearanceTabViewModel,377,0,20,0,77,0,28,0,18,0
JabRef,org.jabref.gui.libraryproperties,AbstractPropertiesTabView,17,0,0,0,7,0,5,0,5,0
JabRef,org.jabref.gui.libraryproperties,LibraryPropertiesViewModel,72,0,4,0,12,0,6,0,4,0
JabRef,org.jabref.gui.libraryproperties,LibraryPropertiesAction,62,0,4,0,15,0,6,0,4,0
JabRef,org.jabref.gui.libraryproperties,LibraryPropertiesView,128,0,6,0,27,0,7,0,4,0
JabRef,org.jabref.gui.libraryproperties,PropertiesTabViewModel,2,0,0,0,1,0,1,0,1,0
JabRef,org.jabref.model.groups,WordKeywordGroup.KeywordListSearchStrategy,0,31,0,0,0,5,0,2,0,2
JabRef,org.jabref.model.groups,SearchGroup,68,65,6,6,9,14,10,6,4,6
JabRef,org.jabref.model.groups,AutomaticPersonsGroup,24,53,3,3,4,13,5,5,2,5
JabRef,org.jabref.model.groups,WordKeywordGroup,29,297,9,29,4,55,10,18,1,8
JabRef,org.jabref.model.groups,AllEntriesGroup,13,20,2,2,3,4,5,3,3,3
JabRef,org.jabref.model.groups,GroupHierarchyType,2,33,2,2,1,7,2,2,0,2
JabRef,org.jabref.model.groups,GroupEntryChanger,0,10,0,0,0,2,0,2,0,2
JabRef,org.jabref.model.groups,AutomaticKeywordGroup,34,108,5,5,4,26,7,8,2,8
JabRef,org.jabref.model.groups,WordKeywordGroup.StringSearchStrategy,0,34,0,2,0,7,0,3,0,2
JabRef,org.jabref.model.groups,AutomaticGroup,2,22,0,0,1,6,1,4,1,4
JabRef,org.jabref.model.groups,GroupTreeNode,62,404,15,53,15,90,16,44,4,22
JabRef,org.jabref.model.groups,LastNameGroup,26,29,0,0,2,10,3,2,3,2
JabRef,org.jabref.model.groups,TexGroup,67,157,5,5,14,32,10,12,5,12
JabRef,org.jabref.model.groups,KeywordGroup,9,86,7,7,4,14,8,6,1,6
JabRef,org.jabref.model.groups,RegexKeywordGroup,75,60,8,8,8,11,12,3,4,3
JabRef,org.jabref.model.groups,WordKeywordGroup.TypeSearchStrategy,32,0,0,0,8,0,4,0,4,0
JabRef,org.jabref.model.groups,ExplicitGroup,64,87,8,10,6,19,11,6,3,5
JabRef,org.jabref.model.groups,AbstractGroup,23,191,6,20,5,48,8,24,2,17
JabRef,org.jabref.model.openoffice.util,OOListUtil,42,8,0,0,5,1,5,1,5,1
JabRef,org.jabref.model.openoffice.util,OOResult,117,0,16,0,30,0,23,0,15,0
JabRef,org.jabref.model.openoffice.util,OOPair,9,0,0,0,4,0,1,0,1,0
JabRef,org.jabref.model.openoffice.util,OOTuple3,12,0,0,0,5,0,1,0,1,0
JabRef,org.jabref.model.openoffice.util,OOVoidResult,52,0,6,0,14,0,11,0,8,0
JabRef,org.jabref.logic.util.strings,StringManipulator.LetterCase,0,21,0,0,0,4,0,1,0,1
JabRef,org.jabref.logic.util.strings,XmlCharsMap,0,538,0,0,0,109,0,1,0,1
JabRef,org.jabref.logic.util.strings,StringLengthComparator,0,19,0,4,0,6,0,4,0,2
JabRef,org.jabref.logic.util.strings,RtfCharMap,0,769,0,0,0,193,0,3,0,3
JabRef,org.jabref.logic.util.strings,UnicodeLigaturesMap,0,238,0,0,0,49,0,1,0,1
JabRef,org.jabref.logic.util.strings,QuotedStringTokenizer,15,110,5,11,2,22,4,8,0,4
JabRef,org.jabref.logic.util.strings,StringSimilarity,0,32,0,2,0,5,0,4,0,3
JabRef,org.jabref.logic.util.strings,StringManipulator.Direction,0,25,0,0,0,6,0,2,0,2
JabRef,org.jabref.logic.util.strings,HTMLUnicodeConversionMaps,0,10138,3,17,0,40,3,9,0,2
JabRef,org.jabref.logic.util.strings,StringManipulator,11,196,3,28,1,33,4,22,1,8
JabRef,org.jabref.logic.shared.exception,OfflineLockException,16,0,0,0,6,0,3,0,3,0
JabRef,org.jabref.logic.shared.exception,SharedEntryNotPresentException,10,0,0,0,4,0,2,0,2,0
JabRef,org.jabref.logic.shared.exception,NotASharedDatabaseException,4,0,0,0,2,0,1,0,1,0
JabRef,org.jabref.logic.shared.exception,InvalidDBMSConnectionPropertiesException,4,0,0,0,2,0,1,0,1,0
JabRef,org.jabref.model.openoffice,CitationEntry,9,59,0,4,1,19,1,10,1,8
JabRef,org.jabref.logic.net,URLDownload.new X509TrustManager() {...},8,0,0,0,4,0,4,0,4,0
JabRef,org.jabref.logic.net,ProxyPreferences,222,0,18,0,50,0,30,0,21,0
JabRef,org.jabref.logic.net,ProxyAuthenticator,51,0,6,0,10,0,5,0,2,0
JabRef,org.jabref.logic.net,ProxyRegisterer,71,0,4,0,17,0,3,0,1,0
JabRef,org.jabref.logic.net,URLDownload,124,372,16,26,39,87,15,30,3,21
JabRef,org.jabref.logic.net,ProgressInputStream,27,72,0,4,7,15,7,8,7,6
JabRef,org.jabref.gui.desktop.os,DefaultDesktop,39,0,0,0,13,0,8,0,8,0
JabRef,org.jabref.gui.desktop.os,NativeDesktop,6,0,0,0,1,0,1,0,1,0
JabRef,org.jabref.gui.desktop.os,Linux,513,0,30,0,91,0,25,0,10,0
JabRef,org.jabref.gui.desktop.os,OSX,134,0,8,0,18,0,11,0,7,0
JabRef,org.jabref.gui.desktop.os,Windows,200,0,18,0,35,0,17,0,8,0
JabRef,org.jabref.logic.autosaveandbackup,BackupManager,228,37,15,5,60,7,22,5,14,3
JabRef,org.jabref.logic.autosaveandbackup,AutosaveManager,117,0,4,0,36,0,14,0,12,0
JabRef,org.jabref.gui.preferences.linkedfiles,LinkedFilesTabViewModel,378,0,18,0,76,0,30,0,20,0
JabRef,org.jabref.gui.preferences.linkedfiles,LinkedFilesTab,182,0,0,0,29,0,5,0,5,0
JabRef,org.jabref.logic.database,DuplicateCheck,34,811,14,100,5,164,12,68,0,23
JabRef,org.jabref.logic.database,DatabaseMerger,34,214,1,11,8,53,3,15,2,10
JabRef,org.jabref.gui.libraryproperties.general,GeneralPropertiesView,134,0,0,0,30,0,6,0,6,0
JabRef,org.jabref.gui.libraryproperties.general,GeneralPropertiesViewModel,361,0,10,0,66,0,23,0,18,0
JabRef,org.jabref.gui.icon,InternalMaterialDesignIcon,48,66,0,0,6,18,5,6,5,6
JabRef,org.jabref.gui.icon,JabRefIconView,63,66,0,0,13,13,9,5,9,5
JabRef,org.jabref.gui.icon,JabrefIconProvider,5,0,0,0,2,0,2,0,2,0
JabRef,org.jabref.gui.icon,JabRefMaterialDesignIcon,32,137,4,0,5,21,4,3,2,3
JabRef,org.jabref.gui.icon,IconTheme.JabRefIcons,39,2276,0,0,10,188,4,5,4,5
JabRef,org.jabref.gui.icon,JabRefIkonHandler,12,19,2,2,3,4,5,4,3,4
JabRef,org.jabref.gui.icon,IconTheme,168,83,6,4,28,21,12,5,9,3
JabRef,org.jabref.gui.preferences.importexport,ImportExportTab,236,0,6,0,43,0,11,0,8,0
JabRef,org.jabref.gui.preferences.importexport,ImportExportTabViewModel,436,0,16,0,96,0,26,0,17,0
JabRef,org.jabref.migrations,SpecialFieldsToSeparateFields,0,151,1,5,0,33,1,6,0,4
JabRef,org.jabref.migrations,CustomEntryTypePreferenceMigration,125,0,6,0,29,0,6,0,3,0
JabRef,org.jabref.migrations,ConvertLegacyExplicitGroups,0,100,0,12,0,21,0,10,0,4
JabRef,org.jabref.migrations,PreferencesMigrations,530,425,47,27,133,99,39,22,11,13
JabRef,org.jabref.migrations,MergeReviewIntoCommentMigration,79,80,3,3,11,19,8,10,5,10
JabRef,org.jabref.migrations,ConvertMarkingToGroups,7,156,2,10,1,37,2,10,0,6
JabRef,org.jabref.styletester,StyleTesterView,69,0,0,0,20,0,3,0,3,0
JabRef,org.jabref.styletester,StyleTesterMain,44,0,0,0,15,0,4,0,4,0
JabRef,org.jabref.gui.preferences.nameformatter,NameFormatterTabViewModel,174,0,10,0,36,0,14,0,9,0
JabRef,org.jabref.gui.preferences.nameformatter,NameFormatterItemModel,64,0,0,0,19,0,10,0,10,0
JabRef,org.jabref.gui.preferences.nameformatter,NameFormatterTab,263,0,6,0,56,0,19,0,16,0
JabRef,org.jabref.logic.logging,LogMessages,27,0,0,0,10,0,6,0,6,0
JabRef,org.jabref.gui.documentviewer,PdfDocumentViewModel,0,45,0,2,0,9,0,3,0,2
JabRef,org.jabref.gui.documentviewer,PageDimension.FixedWidthPageDimension,16,0,0,0,5,0,3,0,3,0
JabRef,org.jabref.gui.documentviewer,DocumentViewerView,231,0,2,0,61,0,20,0,19,0
JabRef,org.jabref.gui.documentviewer,DocumentViewModel,4,11,0,0,1,3,1,2,1,2
JabRef,org.jabref.gui.documentviewer,DocumentViewerControl,236,0,12,0,50,0,23,0,17,0
JabRef,org.jabref.gui.documentviewer,PageDimension.FixedHeightPageDimension,16,0,0,0,5,0,3,0,3,0
JabRef,org.jabref.gui.documentviewer,DocumentPageViewModel,0,3,0,0,0,1,0,1,0,1
JabRef,org.jabref.gui.documentviewer,ShowDocumentViewerAction,22,0,0,0,6,0,2,0,2,0
JabRef,org.jabref.gui.documentviewer,PdfDocumentPageViewModel,71,14,0,0,15,5,4,1,4,1
JabRef,org.jabref.gui.documentviewer,PageDimension,21,0,0,0,5,0,5,0,5,0
JabRef,org.jabref.gui.documentviewer,DocumentViewerControl.DocumentViewerPage,214,0,0,0,46,0,13,0,13,0
JabRef,org.jabref.gui.documentviewer,DocumentViewerViewModel,211,0,12,0,55,0,27,0,21,0
JabRef,org.jabref.logic.protectedterms,ProtectedTermsLoader,87,310,7,21,21,60,6,24,1,15
JabRef,org.jabref.logic.protectedterms,ProtectedTermsParser,52,110,0,4,16,31,1,9,1,7
JabRef,org.jabref.logic.protectedterms,ProtectedTermsPreferences,36,31,0,0,12,10,4,5,4,5
JabRef,org.jabref.logic.protectedterms,ProtectedTermsList,16,148,2,8,2,38,3,18,1,15
JabRef,org.jabref.model.groups.event,GroupUpdatedEvent,3,6,0,0,1,3,1,1,1,1
JabRef,org.jabref.model.util,OptionalUtil,50,87,10,16,9,17,12,17,6,10
JabRef,org.jabref.model.util,ListUtil,3,36,0,8,1,10,1,6,1,2
JabRef,org.jabref.model.util,ResultingStringState,0,9,0,0,0,4,0,1,0,1
JabRef,org.jabref.model.util,TreeCollector,21,130,2,8,5,31,4,15,3,11
JabRef,org.jabref.model.util,MultiKeyMap,5,55,1,3,1,16,1,5,0,4
JabRef,org.jabref.model.util,DummyFileUpdateMonitor,4,4,0,0,3,2,3,2,3,2
JabRef,org.jabref.model.util,FileHelper,11,369,4,22,6,50,5,21,1,12
JabRef,org.jabref.logic.texparser,DefaultLatexParser,18,327,5,27,7,60,6,19,1,8
JabRef,org.jabref.logic.texparser,TexBibEntriesResolver,10,162,0,2,3,22,0,13,0,12
JabRef,org.jabref.gui.util.component,DiffHighlightingTextPane,3,0,0,0,2,0,1,0,1,0
JabRef,org.jabref.gui.util.component,TemporalAccessorPicker.new StringConverter() {...},18,0,0,0,3,0,3,0,3,0
JabRef,org.jabref.gui.util.component,TemporalAccessorPicker.InternalConverter,41,6,6,0,8,1,5,1,2,1
JabRef,org.jabref.gui.util.component,TagBar,186,0,22,0,40,0,23,0,12,0
JabRef,org.jabref.gui.util.component,Tag,58,0,2,0,20,0,8,0,7,0
JabRef,org.jabref.gui.util.component,TemporalAccessorPicker,86,41,5,1,23,10,13,2,10,2
JabRef,org.jabref.gui.preferences.xmp,XmpPrivacyTab,247,0,4,0,50,0,15,0,13,0
JabRef,org.jabref.gui.preferences.xmp,XmpPrivacyTabViewModel,205,0,10,0,44,0,19,0,14,0
JabRef,org.jabref.gui.exporter,SaveAllAction,61,0,4,0,14,0,4,0,2,0
JabRef,org.jabref.gui.exporter,ExportToClipboardAction.ExportResult,6,9,0,0,0,1,2,1,2,1
JabRef,org.jabref.gui.exporter,CreateModifyExporterDialogViewModel,185,0,12,0,34,0,14,0,8,0
JabRef,org.jabref.gui.exporter,WriteMetadataToPdfAction.OptionsDialog,194,0,2,0,42,0,10,0,9,0
JabRef,org.jabref.gui.exporter,ExportCommand,284,0,6,0,69,0,14,0,11,0
JabRef,org.jabref.gui.exporter,ExporterViewModel,54,0,0,0,14,0,5,0,5,0
JabRef,org.jabref.gui.exporter,SaveDatabaseAction.SaveDatabaseMode,0,15,0,0,0,2,0,1,0,1
JabRef,org.jabref.gui.exporter,ExportToClipboardAction,34,247,7,5,9,51,6,11,1,10
JabRef,org.jabref.gui.exporter,SaveAction,52,0,6,0,15,0,6,0,2,0
JabRef,org.jabref.gui.exporter,SaveDatabaseAction,421,240,35,11,73,57,29,12,9,9
JabRef,org.jabref.gui.exporter,CreateModifyExporterDialogView,70,0,2,0,18,0,5,0,4,0
JabRef,org.jabref.gui.exporter,ExportCommand.ExportMethod,15,0,0,0,1,0,1,0,1,0
JabRef,org.jabref.gui.exporter,WriteMetadataToPdfAction,436,0,26,0,98,0,26,0,13,0
JabRef,org.jabref.gui.exporter,SaveAction.SaveMethod,21,0,0,0,1,0,1,0,1,0
JabRef,org.jabref.gui.menus,FileHistoryMenu,159,0,12,0,41,0,13,0,7,0
JabRef,org.jabref.gui.menus,ChangeEntryTypeMenu,209,0,8,0,41,0,15,0,11,0
JabRef,org.jabref.gui.libraryproperties.constants,ConstantsPropertiesView,251,0,4,0,52,0,16,0,14,0
JabRef,org.jabref.gui.libraryproperties.constants,ConstantsPropertiesViewModel,165,0,4,0,41,0,16,0,14,0
JabRef,org.jabref.gui.libraryproperties.constants,ConstantsItemModel,155,0,14,0,35,0,18,0,11,0
JabRef,org.jabref.gui.externalfiles,FileExtensionViewModel,52,0,0,0,10,0,4,0,4,0
JabRef,org.jabref.gui.externalfiles,AutoLinkFilesAction.new Task() {...},98,0,6,0,19,0,6,0,3,0
JabRef,org.jabref.gui.externalfiles,DownloadFullTextAction.new Task() {...},57,0,2,0,11,0,3,0,2,0
JabRef,org.jabref.gui.externalfiles,FindUnlinkedFilesAction,23,0,0,0,7,0,2,0,2,0
JabRef,org.jabref.gui.externalfiles,DateRange,64,0,0,0,10,0,3,0,3,0
JabRef,org.jabref.gui.externalfiles,DownloadFullTextAction,253,0,16,0,58,0,14,0,6,0
JabRef,org.jabref.gui.externalfiles,ImportFilesResultItemViewModel,64,0,2,0,14,0,6,0,5,0
JabRef,org.jabref.gui.externalfiles,AutoSetFileLinksUtil,117,112,14,4,28,26,12,5,4,4
JabRef,org.jabref.gui.externalfiles,UnlinkedFilesDialogViewModel,558,0,16,0,126,0,42,0,34,0
JabRef,org.jabref.gui.externalfiles,FileDownloadTask,0,55,0,0,0,12,0,3,0,3
JabRef,org.jabref.gui.externalfiles,ImportHandler.new BackgroundTask() {...},260,0,14,0,46,0,13,0,6,0
JabRef,org.jabref.gui.externalfiles,ExternalFileSorter,44,0,0,0,8,0,3,0,3,0
JabRef,org.jabref.gui.externalfiles,ImportHandler,274,0,16,0,66,0,18,0,9,0
JabRef,org.jabref.gui.externalfiles,AutoLinkFilesAction,100,0,0,0,22,0,3,0,3,0
JabRef,org.jabref.gui.externalfiles,UnlinkedFilesCrawler,199,0,12,0,40,0,11,0,5,0
JabRef,org.jabref.gui.externalfiles,FileFilterUtils,68,92,10,0,18,30,10,11,2,11
JabRef,org.jabref.gui.externalfiles,UnlinkedFilesDialogView,549,0,10,0,116,0,32,0,27,0
JabRef,org.jabref.gui.externalfiles,UnlinkedPDFFileFilter,34,0,6,0,7,0,5,0,2,0
JabRef,org.jabref.gui.externalfiles,AutoSetFileLinksUtil.LinkFilesResult,31,0,0,0,9,0,5,0,5,0
JabRef,org.jabref.gui.externalfiles,UnlinkedFilesDialogView.SearchContextAction,52,0,5,0,10,0,6,0,2,0
JabRef,org.jabref.gui.externalfiles,ExternalFilesEntryLinker,209,0,8,0,54,0,14,0,10,0
JabRef,org.jabref.gui.libraryproperties.saving,SavingPropertiesView,99,0,0,0,18,0,3,0,3,0
JabRef,org.jabref.gui.libraryproperties.saving,SavingPropertiesViewModel,291,0,20,0,65,0,25,0,14,0
JabRef,org.jabref.logic.search,DatabaseSearcher,5,44,1,1,2,9,1,3,0,3
JabRef,org.jabref.logic.search,SearchQuery.EscapeMode,0,18,0,0,0,4,0,1,0,1
JabRef,org.jabref.logic.search,SearchQuery,62,150,8,12,14,30,11,17,5,13
JabRef,org.jabref.logic.search,SearchQuery.EscapeMode.new SearchQuery.EscapeMode() {...},0,11,0,0,0,2,0,2,0,2
JabRef,org.jabref.logic.search,SearchQuery.EscapeMode.new SearchQuery.EscapeMode() {...},0,8,0,0,0,2,0,2,0,2
JabRef,org.jabref.gui.preferences.entryeditor,EntryEditorTabViewModel,409,0,23,0,82,0,31,0,19,0
JabRef,org.jabref.gui.preferences.entryeditor,EntryEditorTab,146,0,0,0,23,0,3,0,3,0
